This is pdfTeX, Version 3.141592653-2.6-1.40.24 (MiKTeX 22.12) (preloaded format=pdflatex 2023.1.17)  23 MAY 2023 23:04
entering extended mode
 restricted \write18 enabled.
 %&-line parsing enabled.
**./FInalPresentation.tex
(FInalPresentation.tex
LaTeX2e <2022-11-01> patch level 1
L3 programming layer <2022-12-17>
(C:\Users\User\AppData\Local\Programs\MiKTeX\tex/latex/beamer\beamer.cls
Document Class: beamer 2022/09/13 v3.68 A class for typesetting presentations

(C:\Users\User\AppData\Local\Programs\MiKTeX\tex/latex/beamer\beamerbasemodes.s
ty (C:\Users\User\AppData\Local\Programs\MiKTeX\tex/latex/etoolbox\etoolbox.sty
Package: etoolbox 2020/10/05 v2.5k e-TeX tools for LaTeX (JAW)
\etb@tempcnta=\count185
)
\beamer@tempbox=\box51
\beamer@tempcount=\count186
\c@beamerpauses=\count187

(C:\Users\User\AppData\Local\Programs\MiKTeX\tex/latex/beamer\beamerbasedecode.
sty
\beamer@slideinframe=\count188
\beamer@minimum=\count189
\beamer@decode@box=\box52
)
\beamer@commentbox=\box53
\beamer@modecount=\count190
) (C:\Users\User\AppData\Local\Programs\MiKTeX\tex/generic/iftex\iftex.sty
Package: iftex 2022/02/03 v1.0f TeX engine tests
)
\headdp=\dimen140
\footheight=\dimen141
\sidebarheight=\dimen142
\beamer@tempdim=\dimen143
\beamer@finalheight=\dimen144
\beamer@animht=\dimen145
\beamer@animdp=\dimen146
\beamer@animwd=\dimen147
\beamer@leftmargin=\dimen148
\beamer@rightmargin=\dimen149
\beamer@leftsidebar=\dimen150
\beamer@rightsidebar=\dimen151
\beamer@boxsize=\dimen152
\beamer@vboxoffset=\dimen153
\beamer@descdefault=\dimen154
\beamer@descriptionwidth=\dimen155
\beamer@lastskip=\skip48
\beamer@areabox=\box54
\beamer@animcurrent=\box55
\beamer@animshowbox=\box56
\beamer@sectionbox=\box57
\beamer@logobox=\box58
\beamer@linebox=\box59
\beamer@sectioncount=\count191
\beamer@subsubsectionmax=\count192
\beamer@subsectionmax=\count193
\beamer@sectionmax=\count194
\beamer@totalheads=\count195
\beamer@headcounter=\count196
\beamer@partstartpage=\count197
\beamer@sectionstartpage=\count198
\beamer@subsectionstartpage=\count199
\beamer@animationtempa=\count266
\beamer@animationtempb=\count267
\beamer@xpos=\count268
\beamer@ypos=\count269
\beamer@ypos@offset=\count270
\beamer@showpartnumber=\count271
\beamer@currentsubsection=\count272
\beamer@coveringdepth=\count273
\beamer@sectionadjust=\count274
\beamer@toclastsection=\count275
\beamer@tocsectionnumber=\count276

(C:\Users\User\AppData\Local\Programs\MiKTeX\tex/latex/beamer\beamerbaseoptions
.sty (C:\Users\User\AppData\Local\Programs\MiKTeX\tex/latex/graphics\keyval.sty
Package: keyval 2022/05/29 v1.15 key=value parser (DPC)
\KV@toks@=\toks16
))
\beamer@paperwidth=\skip49
\beamer@paperheight=\skip50
 (C:\Users\User\AppData\Local\Programs\MiKTeX\tex/latex/geometry\geometry.sty
Package: geometry 2020/01/02 v5.9 Page Geometry
(C:\Users\User\AppData\Local\Programs\MiKTeX\tex/generic/iftex\ifvtex.sty
Package: ifvtex 2019/10/25 v1.7 ifvtex legacy package. Use iftex instead.
)
\Gm@cnth=\count277
\Gm@cntv=\count278
\c@Gm@tempcnt=\count279
\Gm@bindingoffset=\dimen156
\Gm@wd@mp=\dimen157
\Gm@odd@mp=\dimen158
\Gm@even@mp=\dimen159
\Gm@layoutwidth=\dimen160
\Gm@layoutheight=\dimen161
\Gm@layouthoffset=\dimen162
\Gm@layoutvoffset=\dimen163
\Gm@dimlist=\toks17

(C:\Users\User\AppData\Local\Programs\MiKTeX\tex/latex/geometry\geometry.cfg))
(C:\Users\User\AppData\Local\Programs\MiKTeX\tex/latex/pgf/math\pgfmath.sty
(C:\Users\User\AppData\Local\Programs\MiKTeX\tex/latex/pgf/utilities\pgfrcs.sty

(C:\Users\User\AppData\Local\Programs\MiKTeX\tex/generic/pgf/utilities\pgfutil-
common.tex
\pgfutil@everybye=\toks18
\pgfutil@tempdima=\dimen164
\pgfutil@tempdimb=\dimen165

(C:\Users\User\AppData\Local\Programs\MiKTeX\tex/generic/pgf/utilities\pgfutil-
common-lists.tex))
(C:\Users\User\AppData\Local\Programs\MiKTeX\tex/generic/pgf/utilities\pgfutil-
latex.def
\pgfutil@abb=\box60
)
(C:\Users\User\AppData\Local\Programs\MiKTeX\tex/generic/pgf/utilities\pgfrcs.c
ode.tex
(C:\Users\User\AppData\Local\Programs\MiKTeX\tex/generic/pgf\pgf.revision.tex)
Package: pgfrcs 2021/05/15 v3.1.9a (3.1.9a)
))
(C:\Users\User\AppData\Local\Programs\MiKTeX\tex/latex/pgf/utilities\pgfkeys.st
y
(C:\Users\User\AppData\Local\Programs\MiKTeX\tex/generic/pgf/utilities\pgfkeys.
code.tex
\pgfkeys@pathtoks=\toks19
\pgfkeys@temptoks=\toks20

(C:\Users\User\AppData\Local\Programs\MiKTeX\tex/generic/pgf/utilities\pgfkeysf
iltered.code.tex
\pgfkeys@tmptoks=\toks21
)))
(C:\Users\User\AppData\Local\Programs\MiKTeX\tex/generic/pgf/math\pgfmath.code.
tex
(C:\Users\User\AppData\Local\Programs\MiKTeX\tex/generic/pgf/math\pgfmathcalc.c
ode.tex
(C:\Users\User\AppData\Local\Programs\MiKTeX\tex/generic/pgf/math\pgfmathutil.c
ode.tex
\pgf@x=\dimen166
\pgf@xa=\dimen167
\pgf@xb=\dimen168
\pgf@xc=\dimen169
\pgf@y=\dimen170
\pgf@ya=\dimen171
\pgf@yb=\dimen172
\pgf@yc=\dimen173
\c@pgf@counta=\count280
\c@pgf@countb=\count281
\c@pgf@countc=\count282
\c@pgf@countd=\count283
)
(C:\Users\User\AppData\Local\Programs\MiKTeX\tex/generic/pgf/math\pgfmathparser
.code.tex
\pgfmath@dimen=\dimen174
\pgfmath@count=\count284
\pgfmath@box=\box61
\pgfmath@toks=\toks22
\pgfmath@stack@operand=\toks23
\pgfmath@stack@operation=\toks24
)
(C:\Users\User\AppData\Local\Programs\MiKTeX\tex/generic/pgf/math\pgfmathfuncti
ons.code.tex
(C:\Users\User\AppData\Local\Programs\MiKTeX\tex/generic/pgf/math\pgfmathfuncti
ons.basic.code.tex)
(C:\Users\User\AppData\Local\Programs\MiKTeX\tex/generic/pgf/math\pgfmathfuncti
ons.trigonometric.code.tex)
(C:\Users\User\AppData\Local\Programs\MiKTeX\tex/generic/pgf/math\pgfmathfuncti
ons.random.code.tex)
(C:\Users\User\AppData\Local\Programs\MiKTeX\tex/generic/pgf/math\pgfmathfuncti
ons.comparison.code.tex)
(C:\Users\User\AppData\Local\Programs\MiKTeX\tex/generic/pgf/math\pgfmathfuncti
ons.base.code.tex)
(C:\Users\User\AppData\Local\Programs\MiKTeX\tex/generic/pgf/math\pgfmathfuncti
ons.round.code.tex)
(C:\Users\User\AppData\Local\Programs\MiKTeX\tex/generic/pgf/math\pgfmathfuncti
ons.misc.code.tex)
(C:\Users\User\AppData\Local\Programs\MiKTeX\tex/generic/pgf/math\pgfmathfuncti
ons.integerarithmetics.code.tex)))
(C:\Users\User\AppData\Local\Programs\MiKTeX\tex/generic/pgf/math\pgfmathfloat.
code.tex
\c@pgfmathroundto@lastzeros=\count285
)))
(C:\Users\User\AppData\Local\Programs\MiKTeX\tex/latex/base\size11.clo
File: size11.clo 2022/07/02 v1.4n Standard LaTeX file (size option)
)
(C:\Users\User\AppData\Local\Programs\MiKTeX\tex/latex/pgf/basiclayer\pgfcore.s
ty (C:\Users\User\AppData\Local\Programs\MiKTeX\tex/latex/graphics\graphicx.sty
Package: graphicx 2021/09/16 v1.2d Enhanced LaTeX Graphics (DPC,SPQR)
(C:\Users\User\AppData\Local\Programs\MiKTeX\tex/latex/graphics\graphics.sty
Package: graphics 2022/03/10 v1.4e Standard LaTeX Graphics (DPC,SPQR)

(C:\Users\User\AppData\Local\Programs\MiKTeX\tex/latex/graphics\trig.sty
Package: trig 2021/08/11 v1.11 sin cos tan (DPC)
)
(C:\Users\User\AppData\Local\Programs\MiKTeX\tex/latex/graphics-cfg\graphics.cf
g
File: graphics.cfg 2016/06/04 v1.11 sample graphics configuration
)
Package graphics Info: Driver file: pdftex.def on input line 107.

(C:\Users\User\AppData\Local\Programs\MiKTeX\tex/latex/graphics-def\pdftex.def
File: pdftex.def 2022/09/22 v1.2b Graphics/color driver for pdftex
))
\Gin@req@height=\dimen175
\Gin@req@width=\dimen176
)
(C:\Users\User\AppData\Local\Programs\MiKTeX\tex/latex/pgf/systemlayer\pgfsys.s
ty
(C:\Users\User\AppData\Local\Programs\MiKTeX\tex/generic/pgf/systemlayer\pgfsys
.code.tex
Package: pgfsys 2021/05/15 v3.1.9a (3.1.9a)

(C:\Users\User\AppData\Local\Programs\MiKTeX\tex/generic/pgf/utilities\pgfkeys.
code.tex)
\pgf@x=\dimen177
\pgf@y=\dimen178
\pgf@xa=\dimen179
\pgf@ya=\dimen180
\pgf@xb=\dimen181
\pgf@yb=\dimen182
\pgf@xc=\dimen183
\pgf@yc=\dimen184
\pgf@xd=\dimen185
\pgf@yd=\dimen186
\w@pgf@writea=\write3
\r@pgf@reada=\read2
\c@pgf@counta=\count286
\c@pgf@countb=\count287
\c@pgf@countc=\count288
\c@pgf@countd=\count289
\t@pgf@toka=\toks25
\t@pgf@tokb=\toks26
\t@pgf@tokc=\toks27
\pgf@sys@id@count=\count290

(C:\Users\User\AppData\Local\Programs\MiKTeX\tex/generic/pgf/systemlayer\pgf.cf
g
File: pgf.cfg 2021/05/15 v3.1.9a (3.1.9a)
)
Driver file for pgf: pgfsys-pdftex.def

(C:\Users\User\AppData\Local\Programs\MiKTeX\tex/generic/pgf/systemlayer\pgfsys
-pdftex.def
File: pgfsys-pdftex.def 2021/05/15 v3.1.9a (3.1.9a)

(C:\Users\User\AppData\Local\Programs\MiKTeX\tex/generic/pgf/systemlayer\pgfsys
-common-pdf.def
File: pgfsys-common-pdf.def 2021/05/15 v3.1.9a (3.1.9a)
)))
(C:\Users\User\AppData\Local\Programs\MiKTeX\tex/generic/pgf/systemlayer\pgfsys
softpath.code.tex
File: pgfsyssoftpath.code.tex 2021/05/15 v3.1.9a (3.1.9a)
\pgfsyssoftpath@smallbuffer@items=\count291
\pgfsyssoftpath@bigbuffer@items=\count292
)
(C:\Users\User\AppData\Local\Programs\MiKTeX\tex/generic/pgf/systemlayer\pgfsys
protocol.code.tex
File: pgfsysprotocol.code.tex 2021/05/15 v3.1.9a (3.1.9a)
))
(C:\Users\User\AppData\Local\Programs\MiKTeX\tex/latex/xcolor\xcolor.sty
Package: xcolor 2022/06/12 v2.14 LaTeX color extensions (UK)

(C:\Users\User\AppData\Local\Programs\MiKTeX\tex/latex/graphics-cfg\color.cfg
File: color.cfg 2016/01/02 v1.6 sample color configuration
)
Package xcolor Info: Driver file: pdftex.def on input line 227.

(C:\Users\User\AppData\Local\Programs\MiKTeX\tex/latex/graphics\mathcolor.ltx)
Package xcolor Info: Model `cmy' substituted by `cmy0' on input line 1353.
Package xcolor Info: Model `hsb' substituted by `rgb' on input line 1357.
Package xcolor Info: Model `RGB' extended on input line 1369.
Package xcolor Info: Model `HTML' substituted by `rgb' on input line 1371.
Package xcolor Info: Model `Hsb' substituted by `hsb' on input line 1372.
Package xcolor Info: Model `tHsb' substituted by `hsb' on input line 1373.
Package xcolor Info: Model `HSB' substituted by `hsb' on input line 1374.
Package xcolor Info: Model `Gray' substituted by `gray' on input line 1375.
Package xcolor Info: Model `wave' substituted by `hsb' on input line 1376.
)
(C:\Users\User\AppData\Local\Programs\MiKTeX\tex/generic/pgf/basiclayer\pgfcore
.code.tex
Package: pgfcore 2021/05/15 v3.1.9a (3.1.9a)

(C:\Users\User\AppData\Local\Programs\MiKTeX\tex/generic/pgf/math\pgfmath.code.
tex)
(C:\Users\User\AppData\Local\Programs\MiKTeX\tex/generic/pgf/math\pgfint.code.t
ex)
(C:\Users\User\AppData\Local\Programs\MiKTeX\tex/generic/pgf/basiclayer\pgfcore
points.code.tex
File: pgfcorepoints.code.tex 2021/05/15 v3.1.9a (3.1.9a)
\pgf@picminx=\dimen187
\pgf@picmaxx=\dimen188
\pgf@picminy=\dimen189
\pgf@picmaxy=\dimen190
\pgf@pathminx=\dimen191
\pgf@pathmaxx=\dimen192
\pgf@pathminy=\dimen193
\pgf@pathmaxy=\dimen194
\pgf@xx=\dimen195
\pgf@xy=\dimen196
\pgf@yx=\dimen197
\pgf@yy=\dimen198
\pgf@zx=\dimen199
\pgf@zy=\dimen256
)
(C:\Users\User\AppData\Local\Programs\MiKTeX\tex/generic/pgf/basiclayer\pgfcore
pathconstruct.code.tex
File: pgfcorepathconstruct.code.tex 2021/05/15 v3.1.9a (3.1.9a)
\pgf@path@lastx=\dimen257
\pgf@path@lasty=\dimen258
)
(C:\Users\User\AppData\Local\Programs\MiKTeX\tex/generic/pgf/basiclayer\pgfcore
pathusage.code.tex
File: pgfcorepathusage.code.tex 2021/05/15 v3.1.9a (3.1.9a)
\pgf@shorten@end@additional=\dimen259
\pgf@shorten@start@additional=\dimen260
)
(C:\Users\User\AppData\Local\Programs\MiKTeX\tex/generic/pgf/basiclayer\pgfcore
scopes.code.tex
File: pgfcorescopes.code.tex 2021/05/15 v3.1.9a (3.1.9a)
\pgfpic=\box62
\pgf@hbox=\box63
\pgf@layerbox@main=\box64
\pgf@picture@serial@count=\count293
)
(C:\Users\User\AppData\Local\Programs\MiKTeX\tex/generic/pgf/basiclayer\pgfcore
graphicstate.code.tex
File: pgfcoregraphicstate.code.tex 2021/05/15 v3.1.9a (3.1.9a)
\pgflinewidth=\dimen261
)
(C:\Users\User\AppData\Local\Programs\MiKTeX\tex/generic/pgf/basiclayer\pgfcore
transformations.code.tex
File: pgfcoretransformations.code.tex 2021/05/15 v3.1.9a (3.1.9a)
\pgf@pt@x=\dimen262
\pgf@pt@y=\dimen263
\pgf@pt@temp=\dimen264
)
(C:\Users\User\AppData\Local\Programs\MiKTeX\tex/generic/pgf/basiclayer\pgfcore
quick.code.tex
File: pgfcorequick.code.tex 2021/05/15 v3.1.9a (3.1.9a)
)
(C:\Users\User\AppData\Local\Programs\MiKTeX\tex/generic/pgf/basiclayer\pgfcore
objects.code.tex
File: pgfcoreobjects.code.tex 2021/05/15 v3.1.9a (3.1.9a)
)
(C:\Users\User\AppData\Local\Programs\MiKTeX\tex/generic/pgf/basiclayer\pgfcore
pathprocessing.code.tex
File: pgfcorepathprocessing.code.tex 2021/05/15 v3.1.9a (3.1.9a)
)
(C:\Users\User\AppData\Local\Programs\MiKTeX\tex/generic/pgf/basiclayer\pgfcore
arrows.code.tex
File: pgfcorearrows.code.tex 2021/05/15 v3.1.9a (3.1.9a)
\pgfarrowsep=\dimen265
)
(C:\Users\User\AppData\Local\Programs\MiKTeX\tex/generic/pgf/basiclayer\pgfcore
shade.code.tex
File: pgfcoreshade.code.tex 2021/05/15 v3.1.9a (3.1.9a)
\pgf@max=\dimen266
\pgf@sys@shading@range@num=\count294
\pgf@shadingcount=\count295
)
(C:\Users\User\AppData\Local\Programs\MiKTeX\tex/generic/pgf/basiclayer\pgfcore
image.code.tex
File: pgfcoreimage.code.tex 2021/05/15 v3.1.9a (3.1.9a)

(C:\Users\User\AppData\Local\Programs\MiKTeX\tex/generic/pgf/basiclayer\pgfcore
external.code.tex
File: pgfcoreexternal.code.tex 2021/05/15 v3.1.9a (3.1.9a)
\pgfexternal@startupbox=\box65
))
(C:\Users\User\AppData\Local\Programs\MiKTeX\tex/generic/pgf/basiclayer\pgfcore
layers.code.tex
File: pgfcorelayers.code.tex 2021/05/15 v3.1.9a (3.1.9a)
)
(C:\Users\User\AppData\Local\Programs\MiKTeX\tex/generic/pgf/basiclayer\pgfcore
transparency.code.tex
File: pgfcoretransparency.code.tex 2021/05/15 v3.1.9a (3.1.9a)
)
(C:\Users\User\AppData\Local\Programs\MiKTeX\tex/generic/pgf/basiclayer\pgfcore
patterns.code.tex
File: pgfcorepatterns.code.tex 2021/05/15 v3.1.9a (3.1.9a)
)
(C:\Users\User\AppData\Local\Programs\MiKTeX\tex/generic/pgf/basiclayer\pgfcore
rdf.code.tex
File: pgfcorerdf.code.tex 2021/05/15 v3.1.9a (3.1.9a)
)))
(C:\Users\User\AppData\Local\Programs\MiKTeX\tex/latex/pgf/utilities\xxcolor.st
y
Package: xxcolor 2003/10/24 ver 0.1
\XC@nummixins=\count296
\XC@countmixins=\count297
) (C:\Users\User\AppData\Local\Programs\MiKTeX\tex/latex/base\atbegshi-ltx.sty
Package: atbegshi-ltx 2021/01/10 v1.0c Emulation of the original atbegshi
package with kernel methods
) (C:\Users\User\AppData\Local\Programs\MiKTeX\tex/latex/hyperref\hyperref.sty
Package: hyperref 2022-11-13 v7.00u Hypertext links for LaTeX

(C:\Users\User\AppData\Local\Programs\MiKTeX\tex/generic/ltxcmds\ltxcmds.sty
Package: ltxcmds 2020-05-10 v1.25 LaTeX kernel commands for general use (HO)
)
(C:\Users\User\AppData\Local\Programs\MiKTeX\tex/generic/pdftexcmds\pdftexcmds.
sty
Package: pdftexcmds 2020-06-27 v0.33 Utility functions of pdfTeX for LuaTeX (HO
)

(C:\Users\User\AppData\Local\Programs\MiKTeX\tex/generic/infwarerr\infwarerr.st
y
Package: infwarerr 2019/12/03 v1.5 Providing info/warning/error messages (HO)
)
Package pdftexcmds Info: \pdf@primitive is available.
Package pdftexcmds Info: \pdf@ifprimitive is available.
Package pdftexcmds Info: \pdfdraftmode found.
)
(C:\Users\User\AppData\Local\Programs\MiKTeX\tex/latex/kvsetkeys\kvsetkeys.sty
Package: kvsetkeys 2022-10-05 v1.19 Key value parser (HO)
)
(C:\Users\User\AppData\Local\Programs\MiKTeX\tex/generic/kvdefinekeys\kvdefinek
eys.sty
Package: kvdefinekeys 2019-12-19 v1.6 Define keys (HO)
)
(C:\Users\User\AppData\Local\Programs\MiKTeX\tex/generic/pdfescape\pdfescape.st
y
Package: pdfescape 2019/12/09 v1.15 Implements pdfTeX's escape features (HO)
) (C:\Users\User\AppData\Local\Programs\MiKTeX\tex/latex/hycolor\hycolor.sty
Package: hycolor 2020-01-27 v1.10 Color options for hyperref/bookmark (HO)
)
(C:\Users\User\AppData\Local\Programs\MiKTeX\tex/latex/letltxmacro\letltxmacro.
sty
Package: letltxmacro 2019/12/03 v1.6 Let assignment for LaTeX macros (HO)
) (C:\Users\User\AppData\Local\Programs\MiKTeX\tex/latex/auxhook\auxhook.sty
Package: auxhook 2019-12-17 v1.6 Hooks for auxiliary files (HO)
) (C:\Users\User\AppData\Local\Programs\MiKTeX\tex/latex/hyperref\nameref.sty
Package: nameref 2022-05-17 v2.50 Cross-referencing by name of section

(C:\Users\User\AppData\Local\Programs\MiKTeX\tex/latex/refcount\refcount.sty
Package: refcount 2019/12/15 v3.6 Data extraction from label references (HO)
)
(C:\Users\User\AppData\Local\Programs\MiKTeX\tex/generic/gettitlestring\gettitl
estring.sty
Package: gettitlestring 2019/12/15 v1.6 Cleanup title references (HO)

(C:\Users\User\AppData\Local\Programs\MiKTeX\tex/latex/kvoptions\kvoptions.sty
Package: kvoptions 2022-06-15 v3.15 Key value format for package options (HO)
))
\c@section@level=\count298
)
\@linkdim=\dimen267
\Hy@linkcounter=\count299
\Hy@pagecounter=\count300
 (C:\Users\User\AppData\Local\Programs\MiKTeX\tex/latex/hyperref\pd1enc.def
File: pd1enc.def 2022-11-13 v7.00u Hyperref: PDFDocEncoding definition (HO)
Now handling font encoding PD1 ...
... no UTF-8 mapping file for font encoding PD1
)
(C:\Users\User\AppData\Local\Programs\MiKTeX\tex/generic/intcalc\intcalc.sty
Package: intcalc 2019/12/15 v1.3 Expandable calculations with integers (HO)
)
(C:\Users\User\AppData\Local\Programs\MiKTeX\tex/generic/etexcmds\etexcmds.sty
Package: etexcmds 2019/12/15 v1.7 Avoid name clashes with e-TeX commands (HO)
)
\Hy@SavedSpaceFactor=\count301
(C:\Users\User\AppData\Local\Programs\MiKTeX\tex/latex/hyperref\puenc.def
File: puenc.def 2022-11-13 v7.00u Hyperref: PDF Unicode definition (HO)
Now handling font encoding PU ...
... no UTF-8 mapping file for font encoding PU
)
Package hyperref Info: Option `bookmarks' set `true' on input line 4045.
Package hyperref Info: Option `bookmarksopen' set `true' on input line 4045.
Package hyperref Info: Option `implicit' set `false' on input line 4045.
Package hyperref Info: Hyper figures OFF on input line 4162.
Package hyperref Info: Link nesting OFF on input line 4167.
Package hyperref Info: Hyper index ON on input line 4170.
Package hyperref Info: Plain pages OFF on input line 4177.
Package hyperref Info: Backreferencing OFF on input line 4182.
Package hyperref Info: Implicit mode OFF; no redefinition of LaTeX internals.
Package hyperref Info: Bookmarks ON on input line 4410.
\c@Hy@tempcnt=\count302

(C:\Users\User\AppData\Local\Programs\MiKTeX\tex/latex/url\url.sty
\Urlmuskip=\muskip16
Package: url 2013/09/16  ver 3.4  Verb mode for urls, etc.
)
LaTeX Info: Redefining \url on input line 4748.
\XeTeXLinkMargin=\dimen268

(C:\Users\User\AppData\Local\Programs\MiKTeX\tex/generic/bitset\bitset.sty
Package: bitset 2019/12/09 v1.3 Handle bit-vector datatype (HO)

(C:\Users\User\AppData\Local\Programs\MiKTeX\tex/generic/bigintcalc\bigintcalc.
sty
Package: bigintcalc 2019/12/15 v1.5 Expandable calculations on big integers (HO
)
))
\Fld@menulength=\count303
\Field@Width=\dimen269
\Fld@charsize=\dimen270
Package hyperref Info: Hyper figures OFF on input line 6027.
Package hyperref Info: Link nesting OFF on input line 6032.
Package hyperref Info: Hyper index ON on input line 6035.
Package hyperref Info: backreferencing OFF on input line 6042.
Package hyperref Info: Link coloring OFF on input line 6047.
Package hyperref Info: Link coloring with OCG OFF on input line 6052.
Package hyperref Info: PDF/A mode OFF on input line 6057.
\Hy@abspage=\count304


Package hyperref Message: Stopped early.

)
Package hyperref Info: Driver (autodetected): hpdftex.
 (C:\Users\User\AppData\Local\Programs\MiKTeX\tex/latex/hyperref\hpdftex.def
File: hpdftex.def 2022-11-13 v7.00u Hyperref driver for pdfTeX

(C:\Users\User\AppData\Local\Programs\MiKTeX\tex/latex/base\atveryend-ltx.sty
Package: atveryend-ltx 2020/08/19 v1.0a Emulation of the original atveryend pac
kage
with kernel methods
)
\Fld@listcount=\count305
\c@bookmark@seq@number=\count306

(C:\Users\User\AppData\Local\Programs\MiKTeX\tex/latex/rerunfilecheck\rerunfile
check.sty
Package: rerunfilecheck 2022-07-10 v1.10 Rerun checks for auxiliary files (HO)

(C:\Users\User\AppData\Local\Programs\MiKTeX\tex/generic/uniquecounter\uniqueco
unter.sty
Package: uniquecounter 2019/12/15 v1.4 Provide unlimited unique counter (HO)
)
Package uniquecounter Info: New unique counter `rerunfilecheck' on input line 2
85.
))
(C:\Users\User\AppData\Local\Programs\MiKTeX\tex/latex/beamer\beamerbaserequire
s.sty
(C:\Users\User\AppData\Local\Programs\MiKTeX\tex/latex/beamer\beamerbasecompati
bility.sty)
(C:\Users\User\AppData\Local\Programs\MiKTeX\tex/latex/beamer\beamerbasefont.st
y (C:\Users\User\AppData\Local\Programs\MiKTeX\tex/latex/amsfonts\amssymb.sty
Package: amssymb 2013/01/14 v3.01 AMS font symbols

(C:\Users\User\AppData\Local\Programs\MiKTeX\tex/latex/amsfonts\amsfonts.sty
Package: amsfonts 2013/01/14 v3.01 Basic AMSFonts support
\@emptytoks=\toks28
\symAMSa=\mathgroup4
\symAMSb=\mathgroup5
LaTeX Font Info:    Redeclaring math symbol \hbar on input line 98.
LaTeX Font Info:    Overwriting math alphabet `\mathfrak' in version `bold'
(Font)                  U/euf/m/n --> U/euf/b/n on input line 106.
))
(C:\Users\User\AppData\Local\Programs\MiKTeX\tex/latex/sansmathaccent\sansmatha
ccent.sty
Package: sansmathaccent 2020/01/31

(C:\Users\User\AppData\Local\Programs\MiKTeX\tex/latex/koma-script\scrlfile.sty
Package: scrlfile 2022/10/12 v3.38 KOMA-Script package (file load hooks)

(C:\Users\User\AppData\Local\Programs\MiKTeX\tex/latex/koma-script\scrlfile-hoo
k.sty
Package: scrlfile-hook 2022/10/12 v3.38 KOMA-Script package (using LaTeX hooks)


(C:\Users\User\AppData\Local\Programs\MiKTeX\tex/latex/koma-script\scrlogo.sty
Package: scrlogo 2022/10/12 v3.38 KOMA-Script package (logo)
)))))
(C:\Users\User\AppData\Local\Programs\MiKTeX\tex/latex/beamer\beamerbasetransla
tor.sty
(C:\Users\User\AppData\Local\Programs\MiKTeX\tex/latex/translator\translator.st
y
Package: translator 2021-05-31 v1.12d Easy translation of strings in LaTeX
))
(C:\Users\User\AppData\Local\Programs\MiKTeX\tex/latex/beamer\beamerbasemisc.st
y)
(C:\Users\User\AppData\Local\Programs\MiKTeX\tex/latex/beamer\beamerbasetwoscre
ens.sty)
(C:\Users\User\AppData\Local\Programs\MiKTeX\tex/latex/beamer\beamerbaseoverlay
.sty
\beamer@argscount=\count307
\beamer@lastskipcover=\skip51
\beamer@trivlistdepth=\count308
)
(C:\Users\User\AppData\Local\Programs\MiKTeX\tex/latex/beamer\beamerbasetitle.s
ty)
(C:\Users\User\AppData\Local\Programs\MiKTeX\tex/latex/beamer\beamerbasesection
.sty
\c@lecture=\count309
\c@part=\count310
\c@section=\count311
\c@subsection=\count312
\c@subsubsection=\count313
)
(C:\Users\User\AppData\Local\Programs\MiKTeX\tex/latex/beamer\beamerbaseframe.s
ty
\beamer@framebox=\box66
\beamer@frametitlebox=\box67
\beamer@zoombox=\box68
\beamer@zoomcount=\count314
\beamer@zoomframecount=\count315
\beamer@frametextheight=\dimen271
\c@subsectionslide=\count316
\beamer@frametopskip=\skip52
\beamer@framebottomskip=\skip53
\beamer@frametopskipautobreak=\skip54
\beamer@framebottomskipautobreak=\skip55
\beamer@envbody=\toks29
\framewidth=\dimen272
\c@framenumber=\count317
)
(C:\Users\User\AppData\Local\Programs\MiKTeX\tex/latex/beamer\beamerbaseverbati
m.sty
\beamer@verbatimfileout=\write4
)
(C:\Users\User\AppData\Local\Programs\MiKTeX\tex/latex/beamer\beamerbaseframesi
ze.sty
\beamer@splitbox=\box69
\beamer@autobreakcount=\count318
\beamer@autobreaklastheight=\dimen273
\beamer@frametitletoks=\toks30
\beamer@framesubtitletoks=\toks31
)
(C:\Users\User\AppData\Local\Programs\MiKTeX\tex/latex/beamer\beamerbaseframeco
mponents.sty
\beamer@footins=\box70
)
(C:\Users\User\AppData\Local\Programs\MiKTeX\tex/latex/beamer\beamerbasecolor.s
ty)
(C:\Users\User\AppData\Local\Programs\MiKTeX\tex/latex/beamer\beamerbasenotes.s
ty
\beamer@frameboxcopy=\box71
)
(C:\Users\User\AppData\Local\Programs\MiKTeX\tex/latex/beamer\beamerbasetoc.sty
)
(C:\Users\User\AppData\Local\Programs\MiKTeX\tex/latex/beamer\beamerbasetemplat
es.sty
\beamer@sbttoks=\toks32

(C:\Users\User\AppData\Local\Programs\MiKTeX\tex/latex/beamer\beamerbaseauxtemp
lates.sty
(C:\Users\User\AppData\Local\Programs\MiKTeX\tex/latex/beamer\beamerbaseboxes.s
ty
\bmb@box=\box72
\bmb@colorbox=\box73
\bmb@boxwidth=\dimen274
\bmb@boxheight=\dimen275
\bmb@prevheight=\dimen276
\bmb@temp=\dimen277
\bmb@dima=\dimen278
\bmb@dimb=\dimen279
\bmb@prevheight=\dimen280
)
\beamer@blockheadheight=\dimen281
))
(C:\Users\User\AppData\Local\Programs\MiKTeX\tex/latex/beamer\beamerbaselocalst
ructure.sty
(C:\Users\User\AppData\Local\Programs\MiKTeX\tex/latex/tools\enumerate.sty
Package: enumerate 2015/07/23 v3.00 enumerate extensions (DPC)
\@enLab=\toks33
)
\beamer@bibiconwidth=\skip56
\c@figure=\count319
\c@table=\count320
\abovecaptionskip=\skip57
\belowcaptionskip=\skip58
)
(C:\Users\User\AppData\Local\Programs\MiKTeX\tex/latex/beamer\beamerbasenavigat
ion.sty
\beamer@section@min@dim=\dimen282
)
(C:\Users\User\AppData\Local\Programs\MiKTeX\tex/latex/beamer\beamerbasetheorem
s.sty
(C:\Users\User\AppData\Local\Programs\MiKTeX\tex/latex/amsmath\amsmath.sty
Package: amsmath 2022/04/08 v2.17n AMS math features
\@mathmargin=\skip59

For additional information on amsmath, use the `?' option.
(C:\Users\User\AppData\Local\Programs\MiKTeX\tex/latex/amsmath\amstext.sty
Package: amstext 2021/08/26 v2.01 AMS text

(C:\Users\User\AppData\Local\Programs\MiKTeX\tex/latex/amsmath\amsgen.sty
File: amsgen.sty 1999/11/30 v2.0 generic functions
\@emptytoks=\toks34
\ex@=\dimen283
))
(C:\Users\User\AppData\Local\Programs\MiKTeX\tex/latex/amsmath\amsbsy.sty
Package: amsbsy 1999/11/29 v1.2d Bold Symbols
\pmbraise@=\dimen284
)
(C:\Users\User\AppData\Local\Programs\MiKTeX\tex/latex/amsmath\amsopn.sty
Package: amsopn 2022/04/08 v2.04 operator names
)
\inf@bad=\count321
LaTeX Info: Redefining \frac on input line 234.
\uproot@=\count322
\leftroot@=\count323
LaTeX Info: Redefining \overline on input line 399.
LaTeX Info: Redefining \colon on input line 410.
\classnum@=\count324
\DOTSCASE@=\count325
LaTeX Info: Redefining \ldots on input line 496.
LaTeX Info: Redefining \dots on input line 499.
LaTeX Info: Redefining \cdots on input line 620.
\Mathstrutbox@=\box74
\strutbox@=\box75
LaTeX Info: Redefining \big on input line 722.
LaTeX Info: Redefining \Big on input line 723.
LaTeX Info: Redefining \bigg on input line 724.
LaTeX Info: Redefining \Bigg on input line 725.
\big@size=\dimen285
LaTeX Font Info:    Redeclaring font encoding OML on input line 743.
LaTeX Font Info:    Redeclaring font encoding OMS on input line 744.
\macc@depth=\count326
LaTeX Info: Redefining \bmod on input line 905.
LaTeX Info: Redefining \pmod on input line 910.
LaTeX Info: Redefining \smash on input line 940.
LaTeX Info: Redefining \relbar on input line 970.
LaTeX Info: Redefining \Relbar on input line 971.
\c@MaxMatrixCols=\count327
\dotsspace@=\muskip17
\c@parentequation=\count328
\dspbrk@lvl=\count329
\tag@help=\toks35
\row@=\count330
\column@=\count331
\maxfields@=\count332
\andhelp@=\toks36
\eqnshift@=\dimen286
\alignsep@=\dimen287
\tagshift@=\dimen288
\tagwidth@=\dimen289
\totwidth@=\dimen290
\lineht@=\dimen291
\@envbody=\toks37
\multlinegap=\skip60
\multlinetaggap=\skip61
\mathdisplay@stack=\toks38
LaTeX Info: Redefining \[ on input line 2953.
LaTeX Info: Redefining \] on input line 2954.
)
(C:\Users\User\AppData\Local\Programs\MiKTeX\tex/latex/amscls\amsthm.sty
Package: amsthm 2020/05/29 v2.20.6
\thm@style=\toks39
\thm@bodyfont=\toks40
\thm@headfont=\toks41
\thm@notefont=\toks42
\thm@headpunct=\toks43
\thm@preskip=\skip62
\thm@postskip=\skip63
\thm@headsep=\skip64
\dth@everypar=\toks44
)
\c@theorem=\count333
)
(C:\Users\User\AppData\Local\Programs\MiKTeX\tex/latex/beamer\beamerbasethemes.
sty))
(C:\Users\User\AppData\Local\Programs\MiKTeX\tex/latex/beamer\beamerthemedefaul
t.sty
(C:\Users\User\AppData\Local\Programs\MiKTeX\tex/latex/beamer\beamerfontthemede
fault.sty)
(C:\Users\User\AppData\Local\Programs\MiKTeX\tex/latex/beamer\beamercolorthemed
efault.sty)
(C:\Users\User\AppData\Local\Programs\MiKTeX\tex/latex/beamer\beamerinnerthemed
efault.sty
\beamer@dima=\dimen292
\beamer@dimb=\dimen293
)
(C:\Users\User\AppData\Local\Programs\MiKTeX\tex/latex/beamer\beamerouterthemed
efault.sty)))
(C:\Users\User\AppData\Local\Programs\MiKTeX\tex/latex/base\inputenc.sty
Package: inputenc 2021/02/14 v1.3d Input encoding file
\inpenc@prehook=\toks45
\inpenc@posthook=\toks46
)
(C:\Users\User\AppData\Local\Programs\MiKTeX\tex/latex/base\fontenc.sty
Package: fontenc 2021/04/29 v2.0v Standard LaTeX package
)
(C:\Users\User\AppData\Local\Programs\MiKTeX\tex/latex/lm\lmodern.sty
Package: lmodern 2015/05/01 v1.6.1 Latin Modern Fonts
LaTeX Font Info:    Overwriting symbol font `operators' in version `normal'
(Font)                  OT1/cmr/m/n --> OT1/lmr/m/n on input line 22.
LaTeX Font Info:    Overwriting symbol font `letters' in version `normal'
(Font)                  OML/cmm/m/it --> OML/lmm/m/it on input line 23.
LaTeX Font Info:    Overwriting symbol font `symbols' in version `normal'
(Font)                  OMS/cmsy/m/n --> OMS/lmsy/m/n on input line 24.
LaTeX Font Info:    Overwriting symbol font `largesymbols' in version `normal'
(Font)                  OMX/cmex/m/n --> OMX/lmex/m/n on input line 25.
LaTeX Font Info:    Overwriting symbol font `operators' in version `bold'
(Font)                  OT1/cmr/bx/n --> OT1/lmr/bx/n on input line 26.
LaTeX Font Info:    Overwriting symbol font `letters' in version `bold'
(Font)                  OML/cmm/b/it --> OML/lmm/b/it on input line 27.
LaTeX Font Info:    Overwriting symbol font `symbols' in version `bold'
(Font)                  OMS/cmsy/b/n --> OMS/lmsy/b/n on input line 28.
LaTeX Font Info:    Overwriting symbol font `largesymbols' in version `bold'
(Font)                  OMX/cmex/m/n --> OMX/lmex/m/n on input line 29.
LaTeX Font Info:    Overwriting math alphabet `\mathbf' in version `normal'
(Font)                  OT1/cmr/bx/n --> OT1/lmr/bx/n on input line 31.
LaTeX Font Info:    Overwriting math alphabet `\mathsf' in version `normal'
(Font)                  OT1/cmss/m/n --> OT1/lmss/m/n on input line 32.
LaTeX Font Info:    Overwriting math alphabet `\mathit' in version `normal'
(Font)                  OT1/cmr/m/it --> OT1/lmr/m/it on input line 33.
LaTeX Font Info:    Overwriting math alphabet `\mathtt' in version `normal'
(Font)                  OT1/cmtt/m/n --> OT1/lmtt/m/n on input line 34.
LaTeX Font Info:    Overwriting math alphabet `\mathbf' in version `bold'
(Font)                  OT1/cmr/bx/n --> OT1/lmr/bx/n on input line 35.
LaTeX Font Info:    Overwriting math alphabet `\mathsf' in version `bold'
(Font)                  OT1/cmss/bx/n --> OT1/lmss/bx/n on input line 36.
LaTeX Font Info:    Overwriting math alphabet `\mathit' in version `bold'
(Font)                  OT1/cmr/bx/it --> OT1/lmr/bx/it on input line 37.
LaTeX Font Info:    Overwriting math alphabet `\mathtt' in version `bold'
(Font)                  OT1/cmtt/m/n --> OT1/lmtt/m/n on input line 38.
)
(C:\Users\User\AppData\Local\Programs\MiKTeX\tex/latex/ragged2e\ragged2e.sty
Package: ragged2e 2022/11/13 v3.2 ragged2e Package
\CenteringLeftskip=\skip65
\RaggedLeftLeftskip=\skip66
\RaggedRightLeftskip=\skip67
\CenteringRightskip=\skip68
\RaggedLeftRightskip=\skip69
\RaggedRightRightskip=\skip70
\CenteringParfillskip=\skip71
\RaggedLeftParfillskip=\skip72
\RaggedRightParfillskip=\skip73
\JustifyingParfillskip=\skip74
\CenteringParindent=\skip75
\RaggedLeftParindent=\skip76
\RaggedRightParindent=\skip77
\JustifyingParindent=\skip78
)
(C:\Users\User\AppData\Local\Programs\MiKTeX\tex/latex/caption\subcaption.sty
Package: subcaption 2022/01/07 v1.5 Sub-captions (AR)

(C:\Users\User\AppData\Local\Programs\MiKTeX\tex/latex/caption\caption.sty
Package: caption 2022/03/01 v3.6b Customizing captions (AR)

(C:\Users\User\AppData\Local\Programs\MiKTeX\tex/latex/caption\caption3.sty
Package: caption3 2022/03/17 v2.3b caption3 kernel (AR)
\caption@tempdima=\dimen294
\captionmargin=\dimen295
\caption@leftmargin=\dimen296
\caption@rightmargin=\dimen297
\caption@width=\dimen298
\caption@indent=\dimen299
\caption@parindent=\dimen300
\caption@hangindent=\dimen301
Package caption Info: beamer document class detected.

(C:\Users\User\AppData\Local\Programs\MiKTeX\tex/latex/caption\caption-beamer.s
to
File: caption-beamer.sto 2022/01/06 v2.0c Adaption of the caption package to th
e beamer document classes (AR)
))
\c@caption@flags=\count334
\c@continuedfloat=\count335
Package caption Info: hyperref package is loaded.
Package caption Info: Hyperref support is turned off
(caption)             because hyperref has stopped early.
)
\c@subfigure=\count336
\c@subtable=\count337
) (C:\Users\User\AppData\Local\Programs\MiKTeX\tex/latex/natbib\natbib.sty
Package: natbib 2010/09/13 8.31b (PWD, AO)
\bibhang=\skip79
\bibsep=\skip80
LaTeX Info: Redefining \cite on input line 694.
\c@NAT@ctr=\count338
)
(C:\Users\User\AppData\Local\Programs\MiKTeX\tex/latex/beamer\beamerthemeMadrid
.sty
(C:\Users\User\AppData\Local\Programs\MiKTeX\tex/latex/beamer\beamercolorthemew
hale.sty)
(C:\Users\User\AppData\Local\Programs\MiKTeX\tex/latex/beamer\beamercolorthemeo
rchid.sty)
(C:\Users\User\AppData\Local\Programs\MiKTeX\tex/latex/beamer\beamerinnerthemer
ounded.sty)
(C:\Users\User\AppData\Local\Programs\MiKTeX\tex/latex/beamer\beamerouterthemei
nfolines.sty))

Package hyperref Warning: Token not allowed in a PDF string (Unicode):
(hyperref)                removing `\\' on input line 17.

LaTeX Font Info:    Trying to load font information for T1+lmss on input line 3
6.
(C:\Users\User\AppData\Local\Programs\MiKTeX\tex/latex/lm\t1lmss.fd
File: t1lmss.fd 2015/05/01 v1.6.1 Font defs for Latin Modern
)
(C:\Users\User\AppData\Local\Programs\MiKTeX\tex/latex/l3backend\l3backend-pdft
ex.def
File: l3backend-pdftex.def 2022-10-26 L3 backend support: PDF output (pdfTeX)
\l__color_backend_stack_int=\count339
\l__pdf_internal_box=\box76
) (FInalPresentation.aux)
\openout1 = `FInalPresentation.aux'.

LaTeX Font Info:    Checking defaults for OML/cmm/m/it on input line 36.
LaTeX Font Info:    ... okay on input line 36.
LaTeX Font Info:    Checking defaults for OMS/cmsy/m/n on input line 36.
LaTeX Font Info:    ... okay on input line 36.
LaTeX Font Info:    Checking defaults for OT1/cmr/m/n on input line 36.
LaTeX Font Info:    ... okay on input line 36.
LaTeX Font Info:    Checking defaults for T1/cmr/m/n on input line 36.
LaTeX Font Info:    ... okay on input line 36.
LaTeX Font Info:    Checking defaults for TS1/cmr/m/n on input line 36.
LaTeX Font Info:    ... okay on input line 36.
LaTeX Font Info:    Checking defaults for OMX/cmex/m/n on input line 36.
LaTeX Font Info:    ... okay on input line 36.
LaTeX Font Info:    Checking defaults for U/cmr/m/n on input line 36.
LaTeX Font Info:    ... okay on input line 36.
LaTeX Font Info:    Checking defaults for PD1/pdf/m/n on input line 36.
LaTeX Font Info:    ... okay on input line 36.
LaTeX Font Info:    Checking defaults for PU/pdf/m/n on input line 36.
LaTeX Font Info:    ... okay on input line 36.

*geometry* driver: auto-detecting
*geometry* detected driver: pdftex
*geometry* verbose mode - [ preamble ] result:
* driver: pdftex
* paper: custom
* layout: <same size as paper>
* layoutoffset:(h,v)=(0.0pt,0.0pt)
* modes: includehead includefoot 
* h-part:(L,W,R)=(10.88002pt, 342.43532pt, 10.88002pt)
* v-part:(T,H,B)=(0.0pt, 273.14662pt, 0.0pt)
* \paperwidth=364.19536pt
* \paperheight=273.14662pt
* \textwidth=342.43532pt
* \textheight=244.6939pt
* \oddsidemargin=-61.38997pt
* \evensidemargin=-61.38997pt
* \topmargin=-72.26999pt
* \headheight=14.22636pt
* \headsep=0.0pt
* \topskip=11.0pt
* \footskip=14.22636pt
* \marginparwidth=4.0pt
* \marginparsep=10.0pt
* \columnsep=10.0pt
* \skip\footins=10.0pt plus 4.0pt minus 2.0pt
* \hoffset=0.0pt
* \voffset=0.0pt
* \mag=1000
* \@twocolumnfalse
* \@twosidefalse
* \@mparswitchfalse
* \@reversemarginfalse
* (1in=72.27pt=25.4mm, 1cm=28.453pt)


(C:\Users\User\AppData\Local\Programs\MiKTeX\tex/context/base/mkii\supp-pdf.mki
i
[Loading MPS to PDF converter (version 2006.09.02).]
\scratchcounter=\count340
\scratchdimen=\dimen302
\scratchbox=\box77
\nofMPsegments=\count341
\nofMParguments=\count342
\everyMPshowfont=\toks47
\MPscratchCnt=\count343
\MPscratchDim=\dimen303
\MPnumerator=\count344
\makeMPintoPDFobject=\count345
\everyMPtoPDFconversion=\toks48
)
(C:\Users\User\AppData\Local\Programs\MiKTeX\tex/latex/epstopdf-pkg\epstopdf-ba
se.sty
Package: epstopdf-base 2020-01-24 v2.11 Base part for package epstopdf
Package epstopdf-base Info: Redefining graphics rule for `.eps' on input line 4
85.

(C:\Users\User\AppData\Local\Programs\MiKTeX\tex/latex/00miktex\epstopdf-sys.cf
g
File: epstopdf-sys.cfg 2021/03/18 v2.0 Configuration of epstopdf for MiKTeX
))
Package hyperref Info: Link coloring OFF on input line 36.
 (FInalPresentation.out) (FInalPresentation.out)
\@outlinefile=\write5
\openout5 = `FInalPresentation.out'.

LaTeX Font Info:    Overwriting symbol font `operators' in version `normal'
(Font)                  OT1/lmr/m/n --> OT1/cmss/m/n on input line 36.
LaTeX Font Info:    Overwriting symbol font `operators' in version `bold'
(Font)                  OT1/lmr/bx/n --> OT1/cmss/b/n on input line 36.
LaTeX Font Info:    Overwriting symbol font `operators' in version `normal'
(Font)                  OT1/cmss/m/n --> OT1/lmss/m/n on input line 36.
LaTeX Font Info:    Overwriting symbol font `operators' in version `bold'
(Font)                  OT1/cmss/b/n --> OT1/lmss/b/n on input line 36.
\symnumbers=\mathgroup6
\sympureletters=\mathgroup7
LaTeX Font Info:    Overwriting math alphabet `\mathrm' in version `normal'
(Font)                  OT1/lmss/m/n --> T1/lmr/m/n on input line 36.
LaTeX Font Info:    Redeclaring math alphabet \mathbf on input line 36.
LaTeX Font Info:    Overwriting math alphabet `\mathbf' in version `normal'
(Font)                  OT1/lmr/bx/n --> T1/lmss/b/n on input line 36.
LaTeX Font Info:    Overwriting math alphabet `\mathbf' in version `bold'
(Font)                  OT1/lmr/bx/n --> T1/lmss/b/n on input line 36.
LaTeX Font Info:    Redeclaring math alphabet \mathsf on input line 36.
LaTeX Font Info:    Overwriting math alphabet `\mathsf' in version `normal'
(Font)                  OT1/lmss/m/n --> T1/lmss/m/n on input line 36.
LaTeX Font Info:    Overwriting math alphabet `\mathsf' in version `bold'
(Font)                  OT1/lmss/bx/n --> T1/lmss/m/n on input line 36.
LaTeX Font Info:    Redeclaring math alphabet \mathit on input line 36.
LaTeX Font Info:    Overwriting math alphabet `\mathit' in version `normal'
(Font)                  OT1/lmr/m/it --> T1/lmss/m/it on input line 36.
LaTeX Font Info:    Overwriting math alphabet `\mathit' in version `bold'
(Font)                  OT1/lmr/bx/it --> T1/lmss/m/it on input line 36.
LaTeX Font Info:    Redeclaring math alphabet \mathtt on input line 36.
LaTeX Font Info:    Overwriting math alphabet `\mathtt' in version `normal'
(Font)                  OT1/lmtt/m/n --> T1/lmtt/m/n on input line 36.
LaTeX Font Info:    Overwriting math alphabet `\mathtt' in version `bold'
(Font)                  OT1/lmtt/m/n --> T1/lmtt/m/n on input line 36.
LaTeX Font Info:    Overwriting symbol font `numbers' in version `bold'
(Font)                  T1/lmss/m/n --> T1/lmss/b/n on input line 36.
LaTeX Font Info:    Overwriting symbol font `pureletters' in version `bold'
(Font)                  T1/lmss/m/it --> T1/lmss/b/it on input line 36.
LaTeX Font Info:    Overwriting math alphabet `\mathrm' in version `bold'
(Font)                  OT1/lmss/b/n --> T1/lmr/b/n on input line 36.
LaTeX Font Info:    Overwriting math alphabet `\mathbf' in version `bold'
(Font)                  T1/lmss/b/n --> T1/lmss/b/n on input line 36.
LaTeX Font Info:    Overwriting math alphabet `\mathsf' in version `bold'
(Font)                  T1/lmss/m/n --> T1/lmss/b/n on input line 36.
LaTeX Font Info:    Overwriting math alphabet `\mathit' in version `bold'
(Font)                  T1/lmss/m/it --> T1/lmss/b/it on input line 36.
LaTeX Font Info:    Overwriting math alphabet `\mathtt' in version `bold'
(Font)                  T1/lmtt/m/n --> T1/lmtt/b/n on input line 36.

(C:\Users\User\AppData\Local\Programs\MiKTeX\tex/latex/translator\translator-ba
sic-dictionary-English.dict
Dictionary: translator-basic-dictionary, Language: English 
)
(C:\Users\User\AppData\Local\Programs\MiKTeX\tex/latex/translator\translator-bi
bliography-dictionary-English.dict
Dictionary: translator-bibliography-dictionary, Language: English 
)
(C:\Users\User\AppData\Local\Programs\MiKTeX\tex/latex/translator\translator-en
vironment-dictionary-English.dict
Dictionary: translator-environment-dictionary, Language: English 
)
(C:\Users\User\AppData\Local\Programs\MiKTeX\tex/latex/translator\translator-mo
nths-dictionary-English.dict
Dictionary: translator-months-dictionary, Language: English 
)
(C:\Users\User\AppData\Local\Programs\MiKTeX\tex/latex/translator\translator-nu
mbers-dictionary-English.dict
Dictionary: translator-numbers-dictionary, Language: English 
)
(C:\Users\User\AppData\Local\Programs\MiKTeX\tex/latex/translator\translator-th
eorem-dictionary-English.dict
Dictionary: translator-theorem-dictionary, Language: English 
)
Package caption Info: Begin \AtBeginDocument code.
Package caption Info: End \AtBeginDocument code.
 (FInalPresentation.nav)
LaTeX Font Info:    Trying to load font information for T1+lmr on input line 40
.

(C:\Users\User\AppData\Local\Programs\MiKTeX\tex/latex/lm\t1lmr.fd
File: t1lmr.fd 2015/05/01 v1.6.1 Font defs for Latin Modern
)

LaTeX Font Warning: Font shape `T1/lmss/m/sc' in size <10.95> not available
(Font)              Font shape `T1/lmr/m/sc' tried instead on input line 40.

LaTeX Font Info:    Trying to load font information for OT1+lmss on input line 
40.
(C:\Users\User\AppData\Local\Programs\MiKTeX\tex/latex/lm\ot1lmss.fd
File: ot1lmss.fd 2015/05/01 v1.6.1 Font defs for Latin Modern
)
LaTeX Font Info:    Trying to load font information for OML+lmm on input line 4
0.

(C:\Users\User\AppData\Local\Programs\MiKTeX\tex/latex/lm\omllmm.fd
File: omllmm.fd 2015/05/01 v1.6.1 Font defs for Latin Modern
)
LaTeX Font Info:    Trying to load font information for OMS+lmsy on input line 
40.

(C:\Users\User\AppData\Local\Programs\MiKTeX\tex/latex/lm\omslmsy.fd
File: omslmsy.fd 2015/05/01 v1.6.1 Font defs for Latin Modern
)
LaTeX Font Info:    Trying to load font information for OMX+lmex on input line 
40.

(C:\Users\User\AppData\Local\Programs\MiKTeX\tex/latex/lm\omxlmex.fd
File: omxlmex.fd 2015/05/01 v1.6.1 Font defs for Latin Modern
)
LaTeX Font Info:    External font `lmex10' loaded for size
(Font)              <8> on input line 40.
LaTeX Font Info:    External font `lmex10' loaded for size
(Font)              <6> on input line 40.
LaTeX Font Info:    External font `lmex10' loaded for size
(Font)              <5> on input line 40.
LaTeX Font Info:    Trying to load font information for U+msa on input line 40.


(C:\Users\User\AppData\Local\Programs\MiKTeX\tex/latex/amsfonts\umsa.fd
File: umsa.fd 2013/01/14 v3.01 AMS symbols A
)
LaTeX Font Info:    Trying to load font information for U+msb on input line 40.


(C:\Users\User\AppData\Local\Programs\MiKTeX\tex/latex/amsfonts\umsb.fd
File: umsb.fd 2013/01/14 v3.01 AMS symbols B
)
LaTeX Font Info:    Font shape `T1/lmss/m/it' in size <8> not available
(Font)              Font shape `T1/lmss/m/sl' tried instead on input line 40.
LaTeX Font Info:    Font shape `T1/lmss/m/it' in size <6> not available
(Font)              Font shape `T1/lmss/m/sl' tried instead on input line 40.
LaTeX Font Info:    Font shape `T1/lmss/m/it' in size <5> not available
(Font)              Font shape `T1/lmss/m/sl' tried instead on input line 40.
<../fig/logo_IGE.png, id=124, 214.8025pt x 236.885pt>
File: ../fig/logo_IGE.png Graphic file (type png)
<use ../fig/logo_IGE.png>
Package pdftex.def Info: ../fig/logo_IGE.png  used on input line 40.
(pdftex.def)             Requested size: 32.21898pt x 35.5312pt.

[1

{C:/Users/User/AppData/Local/MiKTeX/fonts/map/pdftex/pdftex.map} <../fig/logo_I
GE.png>] (FInalPresentation.toc)
Overfull \vbox (36.14186pt too high) detected at line 44
 []

File: ../fig/logo_IGE.png Graphic file (type png)
<use ../fig/logo_IGE.png>
Package pdftex.def Info: ../fig/logo_IGE.png  used on input line 44.
(pdftex.def)             Requested size: 32.21898pt x 35.5312pt.
[2

]
<../fig/groundingzone.png, id=161, 522.0303pt x 302.3295pt>
File: ../fig/groundingzone.png Graphic file (type png)
<use ../fig/groundingzone.png>
Package pdftex.def Info: ../fig/groundingzone.png  used on input line 57.
(pdftex.def)             Requested size: 208.80841pt x 120.92964pt.
File: ../fig/logo_IGE.png Graphic file (type png)
<use ../fig/logo_IGE.png>
Package pdftex.def Info: ../fig/logo_IGE.png  used on input line 57.
(pdftex.def)             Requested size: 32.21898pt x 35.5312pt.
 [3

 <../fig/groundingzone.png (PNG copy)>]
File: ../fig/groundingzone.png Graphic file (type png)
<use ../fig/groundingzone.png>
Package pdftex.def Info: ../fig/groundingzone.png  used on input line 57.
(pdftex.def)             Requested size: 208.80841pt x 120.92964pt.
File: ../fig/logo_IGE.png Graphic file (type png)
<use ../fig/logo_IGE.png>
Package pdftex.def Info: ../fig/logo_IGE.png  used on input line 57.
(pdftex.def)             Requested size: 32.21898pt x 35.5312pt.
 [4

]
File: ../fig/logo_IGE.png Graphic file (type png)
<use ../fig/logo_IGE.png>
Package pdftex.def Info: ../fig/logo_IGE.png  used on input line 67.
(pdftex.def)             Requested size: 32.21898pt x 35.5312pt.
 [5

]
File: ../fig/logo_IGE.png Graphic file (type png)
<use ../fig/logo_IGE.png>
Package pdftex.def Info: ../fig/logo_IGE.png  used on input line 67.
(pdftex.def)             Requested size: 32.21898pt x 35.5312pt.
 [6

]
File: ../fig/logo_IGE.png Graphic file (type png)
<use ../fig/logo_IGE.png>
Package pdftex.def Info: ../fig/logo_IGE.png  used on input line 67.
(pdftex.def)             Requested size: 32.21898pt x 35.5312pt.
 [7

]
<../fig/glacier_flowing.png, id=214, 746.01291pt x 559.50967pt>
File: ../fig/glacier_flowing.png Graphic file (type png)
<use ../fig/glacier_flowing.png>
Package pdftex.def Info: ../fig/glacier_flowing.png  used on input line 78.
(pdftex.def)             Requested size: 223.80559pt x 167.8542pt.
File: ../fig/logo_IGE.png Graphic file (type png)
<use ../fig/logo_IGE.png>
Package pdftex.def Info: ../fig/logo_IGE.png  used on input line 78.
(pdftex.def)             Requested size: 32.21898pt x 35.5312pt.
 [8

 <../fig/glacier_flowing.png>]
LaTeX Font Info:    External font `lmex10' loaded for size
(Font)              <10.95> on input line 96.
LaTeX Font Info:    Font shape `T1/lmss/m/it' in size <10.95> not available
(Font)              Font shape `T1/lmss/m/sl' tried instead on input line 96.
File: ../fig/logo_IGE.png Graphic file (type png)
<use ../fig/logo_IGE.png>
Package pdftex.def Info: ../fig/logo_IGE.png  used on input line 96.
(pdftex.def)             Requested size: 32.21898pt x 35.5312pt.
 [9

]
File: ../fig/logo_IGE.png Graphic file (type png)
<use ../fig/logo_IGE.png>
Package pdftex.def Info: ../fig/logo_IGE.png  used on input line 96.
(pdftex.def)             Requested size: 32.21898pt x 35.5312pt.
 [10

]
File: ../fig/logo_IGE.png Graphic file (type png)
<use ../fig/logo_IGE.png>
Package pdftex.def Info: ../fig/logo_IGE.png  used on input line 96.
(pdftex.def)             Requested size: 32.21898pt x 35.5312pt.
 [11

]
File: ../fig/logo_IGE.png Graphic file (type png)
<use ../fig/logo_IGE.png>
Package pdftex.def Info: ../fig/logo_IGE.png  used on input line 109.
(pdftex.def)             Requested size: 32.21898pt x 35.5312pt.
 [12

]
File: ../fig/logo_IGE.png Graphic file (type png)
<use ../fig/logo_IGE.png>
Package pdftex.def Info: ../fig/logo_IGE.png  used on input line 109.
(pdftex.def)             Requested size: 32.21898pt x 35.5312pt.
 [13

]
File: ../fig/logo_IGE.png Graphic file (type png)
<use ../fig/logo_IGE.png>
Package pdftex.def Info: ../fig/logo_IGE.png  used on input line 109.
(pdftex.def)             Requested size: 32.21898pt x 35.5312pt.
 [14

]
Overfull \vbox (10.09442pt too high) detected at line 130
 []

File: ../fig/logo_IGE.png Graphic file (type png)
<use ../fig/logo_IGE.png>
Package pdftex.def Info: ../fig/logo_IGE.png  used on input line 130.
(pdftex.def)             Requested size: 32.21898pt x 35.5312pt.
[15

]
Overfull \vbox (10.09442pt too high) detected at line 130
 []

File: ../fig/logo_IGE.png Graphic file (type png)
<use ../fig/logo_IGE.png>
Package pdftex.def Info: ../fig/logo_IGE.png  used on input line 130.
(pdftex.def)             Requested size: 32.21898pt x 35.5312pt.
[16

]
Overfull \vbox (10.09442pt too high) detected at line 130
 []

File: ../fig/logo_IGE.png Graphic file (type png)
<use ../fig/logo_IGE.png>
Package pdftex.def Info: ../fig/logo_IGE.png  used on input line 130.
(pdftex.def)             Requested size: 32.21898pt x 35.5312pt.
[17

]
Overfull \vbox (10.09442pt too high) detected at line 130
 []

File: ../fig/logo_IGE.png Graphic file (type png)
<use ../fig/logo_IGE.png>
Package pdftex.def Info: ../fig/logo_IGE.png  used on input line 130.
(pdftex.def)             Requested size: 32.21898pt x 35.5312pt.
[18

]
File: ../fig/logo_IGE.png Graphic file (type png)
<use ../fig/logo_IGE.png>
Package pdftex.def Info: ../fig/logo_IGE.png  used on input line 146.
(pdftex.def)             Requested size: 32.21898pt x 35.5312pt.
 [19

]
<../fig/GroundingLineInstability.png, id=301, 987.69pt x 373.395pt>
File: ../fig/GroundingLineInstability.png Graphic file (type png)
<use ../fig/GroundingLineInstability.png>
Package pdftex.def Info: ../fig/GroundingLineInstability.png  used on input lin
e 157.
(pdftex.def)             Requested size: 296.30928pt x 112.01936pt.
File: ../fig/logo_IGE.png Graphic file (type png)
<use ../fig/logo_IGE.png>
Package pdftex.def Info: ../fig/logo_IGE.png  used on input line 157.
(pdftex.def)             Requested size: 32.21898pt x 35.5312pt.
 [20

 <../fig/GroundingLineInstability.png>]
<../fig/Numerical_modelling_scheme.png, id=312, 747.2718pt x 156.1032pt>
File: ../fig/Numerical_modelling_scheme.png Graphic file (type png)
<use ../fig/Numerical_modelling_scheme.png>
Package pdftex.def Info: ../fig/Numerical_modelling_scheme.png  used on input l
ine 170.
(pdftex.def)             Requested size: 298.90343pt x 62.44016pt.
File: ../fig/logo_IGE.png Graphic file (type png)
<use ../fig/logo_IGE.png>
Package pdftex.def Info: ../fig/logo_IGE.png  used on input line 170.
(pdftex.def)             Requested size: 32.21898pt x 35.5312pt.
 [21

 <../fig/Numerical_modelling_scheme.png>]
<../fig/grid_and_bedrock.png, id=319, 1396.21625pt x 760.8425pt>
File: ../fig/grid_and_bedrock.png Graphic file (type png)
<use ../fig/grid_and_bedrock.png>
Package pdftex.def Info: ../fig/grid_and_bedrock.png  used on input line 184.
(pdftex.def)             Requested size: 279.2383pt x 152.1658pt.

Overfull \hbox (21.90005pt too wide) in paragraph at lines 184--184
[][]
 []


Underfull \hbox (badness 10000) in paragraph at lines 184--184

 []

File: ../fig/logo_IGE.png Graphic file (type png)
<use ../fig/logo_IGE.png>
Package pdftex.def Info: ../fig/logo_IGE.png  used on input line 184.
(pdftex.def)             Requested size: 32.21898pt x 35.5312pt.
[22

 <../fig/grid_and_bedrock.png (PNG copy)>]
File: ../fig/logo_IGE.png Graphic file (type png)
<use ../fig/logo_IGE.png>
Package pdftex.def Info: ../fig/logo_IGE.png  used on input line 194.
(pdftex.def)             Requested size: 32.21898pt x 35.5312pt.
 [23

]
File: ../fig/logo_IGE.png Graphic file (type png)
<use ../fig/logo_IGE.png>
Package pdftex.def Info: ../fig/logo_IGE.png  used on input line 194.
(pdftex.def)             Requested size: 32.21898pt x 35.5312pt.
 [24

]
File: ../fig/logo_IGE.png Graphic file (type png)
<use ../fig/logo_IGE.png>
Package pdftex.def Info: ../fig/logo_IGE.png  used on input line 194.
(pdftex.def)             Requested size: 32.21898pt x 35.5312pt.
 [25

]
Overfull \hbox (35.53625pt too wide) in paragraph at lines 204--204
[]\T1/lmss/m/n/10.95 The in-ter-com-par-i-son project (https://github.com/JRowa
nJordan/CalvingMIP)
 []

File: ../fig/logo_IGE.png Graphic file (type png)
<use ../fig/logo_IGE.png>
Package pdftex.def Info: ../fig/logo_IGE.png  used on input line 204.
(pdftex.def)             Requested size: 32.21898pt x 35.5312pt.
[26

]
Overfull \hbox (35.53625pt too wide) in paragraph at lines 204--204
[]\T1/lmss/m/n/10.95 The in-ter-com-par-i-son project (https://github.com/JRowa
nJordan/CalvingMIP)
 []

File: ../fig/logo_IGE.png Graphic file (type png)
<use ../fig/logo_IGE.png>
Package pdftex.def Info: ../fig/logo_IGE.png  used on input line 204.
(pdftex.def)             Requested size: 32.21898pt x 35.5312pt.
[27

]
<../fig/circular_topo_top.png, id=352, 823.878pt x 602.7318pt>
File: ../fig/circular_topo_top.png Graphic file (type png)
<use ../fig/circular_topo_top.png>
Package pdftex.def Info: ../fig/circular_topo_top.png  used on input line 220.
(pdftex.def)             Requested size: 154.09483pt x 112.72682pt.
<../fig/circular_topo_jet.png, id=353, 773.289pt x 493.6041pt>
File: ../fig/circular_topo_jet.png Graphic file (type png)
<use ../fig/circular_topo_jet.png>
Package pdftex.def Info: ../fig/circular_topo_jet.png  used on input line 220.
(pdftex.def)             Requested size: 154.09483pt x 98.35753pt.

Overfull \vbox (19.26207pt too high) detected at line 220
 []

File: ../fig/logo_IGE.png Graphic file (type png)
<use ../fig/logo_IGE.png>
Package pdftex.def Info: ../fig/logo_IGE.png  used on input line 220.
(pdftex.def)             Requested size: 32.21898pt x 35.5312pt.
[28

 <../fig/circular_topo_top.png> <../fig/circular_topo_jet.png>]
File: ../fig/circular_topo_top.png Graphic file (type png)
<use ../fig/circular_topo_top.png>
Package pdftex.def Info: ../fig/circular_topo_top.png  used on input line 220.
(pdftex.def)             Requested size: 154.09483pt x 112.72682pt.
File: ../fig/circular_topo_jet.png Graphic file (type png)
<use ../fig/circular_topo_jet.png>
Package pdftex.def Info: ../fig/circular_topo_jet.png  used on input line 220.
(pdftex.def)             Requested size: 154.09483pt x 98.35753pt.

Overfull \vbox (19.26207pt too high) detected at line 220
 []

File: ../fig/logo_IGE.png Graphic file (type png)
<use ../fig/logo_IGE.png>
Package pdftex.def Info: ../fig/logo_IGE.png  used on input line 220.
(pdftex.def)             Requested size: 32.21898pt x 35.5312pt.
[29

]
<../fig/cone.png, id=368, 693.59125pt x 670.505pt>
File: ../fig/cone.png Graphic file (type png)
<use ../fig/cone.png>
Package pdftex.def Info: ../fig/cone.png  used on input line 228.
(pdftex.def)             Requested size: 171.21765pt x 165.51823pt.
File: ../fig/logo_IGE.png Graphic file (type png)
<use ../fig/logo_IGE.png>
Package pdftex.def Info: ../fig/logo_IGE.png  used on input line 228.
(pdftex.def)             Requested size: 32.21898pt x 35.5312pt.
 [30

 <../fig/cone.png>]
File: ../fig/logo_IGE.png Graphic file (type png)
<use ../fig/logo_IGE.png>
Package pdftex.def Info: ../fig/logo_IGE.png  used on input line 246.
(pdftex.def)             Requested size: 32.21898pt x 35.5312pt.
 [31

]
<../fig/Thule_2D.png, id=384, 823.878pt x 602.7318pt>
File: ../fig/Thule_2D.png Graphic file (type png)
<use ../fig/Thule_2D.png>
Package pdftex.def Info: ../fig/Thule_2D.png  used on input line 255.
(pdftex.def)             Requested size: 154.09483pt x 112.72682pt.
<../fig/Thule_3D.png, id=385, 746.5491pt x 500.1084pt>
File: ../fig/Thule_3D.png Graphic file (type png)
<use ../fig/Thule_3D.png>
Package pdftex.def Info: ../fig/Thule_3D.png  used on input line 255.
(pdftex.def)             Requested size: 154.09483pt x 103.22493pt.
File: ../fig/logo_IGE.png Graphic file (type png)
<use ../fig/logo_IGE.png>
Package pdftex.def Info: ../fig/logo_IGE.png  used on input line 255.
(pdftex.def)             Requested size: 32.21898pt x 35.5312pt.
 [32

 <../fig/Thule_2D.png> <../fig/Thule_3D.png>]
<../fig/thule.png, id=393, 738.76pt x 703.62875pt>
File: ../fig/thule.png Graphic file (type png)
<use ../fig/thule.png>
Package pdftex.def Info: ../fig/thule.png  used on input line 263.
(pdftex.def)             Requested size: 171.21765pt x 163.07663pt.
File: ../fig/logo_IGE.png Graphic file (type png)
<use ../fig/logo_IGE.png>
Package pdftex.def Info: ../fig/logo_IGE.png  used on input line 263.
(pdftex.def)             Requested size: 32.21898pt x 35.5312pt.
 [33

 <../fig/thule.png>]
File: ../fig/logo_IGE.png Graphic file (type png)
<use ../fig/logo_IGE.png>
Package pdftex.def Info: ../fig/logo_IGE.png  used on input line 288.
(pdftex.def)             Requested size: 32.21898pt x 35.5312pt.
 [34

]
File: ../fig/logo_IGE.png Graphic file (type png)
<use ../fig/logo_IGE.png>
Package pdftex.def Info: ../fig/logo_IGE.png  used on input line 301.
(pdftex.def)             Requested size: 32.21898pt x 35.5312pt.
 [35

]
File: ../fig/logo_IGE.png Graphic file (type png)
<use ../fig/logo_IGE.png>
Package pdftex.def Info: ../fig/logo_IGE.png  used on input line 301.
(pdftex.def)             Requested size: 32.21898pt x 35.5312pt.
 [36

]
File: ../fig/logo_IGE.png Graphic file (type png)
<use ../fig/logo_IGE.png>
Package pdftex.def Info: ../fig/logo_IGE.png  used on input line 301.
(pdftex.def)             Requested size: 32.21898pt x 35.5312pt.
 [37

]
File: ../fig/logo_IGE.png Graphic file (type png)
<use ../fig/logo_IGE.png>
Package pdftex.def Info: ../fig/logo_IGE.png  used on input line 301.
(pdftex.def)             Requested size: 32.21898pt x 35.5312pt.
 [38

]
<../fig/Profiles_Cone_combined_domains.png, id=427, 971.63pt x 745.78625pt>
File: ../fig/Profiles_Cone_combined_domains.png Graphic file (type png)
<use ../fig/Profiles_Cone_combined_domains.png>
Package pdftex.def Info: ../fig/Profiles_Cone_combined_domains.png  used on inp
ut line 322.
(pdftex.def)             Requested size: 169.50641pt x 130.10487pt.
<../fig/Profiles_Cone_domain_sin_fondo.png, id=428, 1305.87875pt x 791.95876pt>

File: ../fig/Profiles_Cone_domain_sin_fondo.png Graphic file (type png)
<use ../fig/Profiles_Cone_domain_sin_fondo.png>
Package pdftex.def Info: ../fig/Profiles_Cone_domain_sin_fondo.png  used on inp
ut line 322.
(pdftex.def)             Requested size: 169.50641pt x 102.78906pt.
File: ../fig/logo_IGE.png Graphic file (type png)
<use ../fig/logo_IGE.png>
Package pdftex.def Info: ../fig/logo_IGE.png  used on input line 322.
(pdftex.def)             Requested size: 32.21898pt x 35.5312pt.
 [39

 <../fig/Profiles_Cone_combined_domains.png> <../fig/Profiles_Cone_domain_sin_f
ondo.png (PNG copy)>]
<../fig/Volume_CONE_full_all_res_vs_time_2.png, id=440, 1336.995pt x 706.0779pt
>
File: ../fig/Volume_CONE_full_all_res_vs_time_2.png Graphic file (type png)
<use ../fig/Volume_CONE_full_all_res_vs_time_2.png>
Package pdftex.def Info: ../fig/Volume_CONE_full_all_res_vs_time_2.png  used on
 input line 341.
(pdftex.def)             Requested size: 188.34045pt x 99.46434pt.

Overfull \hbox (17.1228pt too wide) in paragraph at lines 341--341
 [][] 
 []

<../fig/Volume_CONE_full_all_res_vs_num_nodes.png, id=441, 802.9197pt x 624.412
8pt>
File: ../fig/Volume_CONE_full_all_res_vs_num_nodes.png Graphic file (type png)
<use ../fig/Volume_CONE_full_all_res_vs_num_nodes.png>
Package pdftex.def Info: ../fig/Volume_CONE_full_all_res_vs_num_nodes.png  used
 on input line 341.
(pdftex.def)             Requested size: 188.34045pt x 146.47025pt.

Overfull \hbox (17.1228pt too wide) in paragraph at lines 341--341
 [][] 
 []

File: ../fig/logo_IGE.png Graphic file (type png)
<use ../fig/logo_IGE.png>
Package pdftex.def Info: ../fig/logo_IGE.png  used on input line 341.
(pdftex.def)             Requested size: 32.21898pt x 35.5312pt.
[40

 <../fig/Volume_CONE_full_all_res_vs_time_2.png> <../fig/Volume_CONE_full_all_r
es_vs_num_nodes.png>]
<../fig/Figure_Time_vs_nodes_Segundos.png, id=454, 1336.995pt x 706.0779pt>
File: ../fig/Figure_Time_vs_nodes_Segundos.png Graphic file (type png)
<use ../fig/Figure_Time_vs_nodes_Segundos.png>
Package pdftex.def Info: ../fig/Figure_Time_vs_nodes_Segundos.png  used on inpu
t line 362.
(pdftex.def)             Requested size: 188.34045pt x 99.46434pt.

Overfull \hbox (17.1228pt too wide) in paragraph at lines 362--362
 [][] 
 []

<../fig/Figure_Time_vs_nodes_32.png, id=455, 1336.995pt x 706.0779pt>
File: ../fig/Figure_Time_vs_nodes_32.png Graphic file (type png)
<use ../fig/Figure_Time_vs_nodes_32.png>
Package pdftex.def Info: ../fig/Figure_Time_vs_nodes_32.png  used on input line
 362.
(pdftex.def)             Requested size: 188.34045pt x 99.46434pt.

Overfull \hbox (17.1228pt too wide) in paragraph at lines 362--362
 [][] 
 []

File: ../fig/logo_IGE.png Graphic file (type png)
<use ../fig/logo_IGE.png>
Package pdftex.def Info: ../fig/logo_IGE.png  used on input line 362.
(pdftex.def)             Requested size: 32.21898pt x 35.5312pt.
[41

 <../fig/Figure_Time_vs_nodes_Segundos.png> <../fig/Figure_Time_vs_nodes_32.png
>]
<../fig/Figure_CONE_GL_positions.png, id=468, 1336.995pt x 706.0779pt>
File: ../fig/Figure_CONE_GL_positions.png Graphic file (type png)
<use ../fig/Figure_CONE_GL_positions.png>
Package pdftex.def Info: ../fig/Figure_CONE_GL_positions.png  used on input lin
e 371.
(pdftex.def)             Requested size: 273.9493pt x 144.67148pt.
File: ../fig/logo_IGE.png Graphic file (type png)
<use ../fig/logo_IGE.png>
Package pdftex.def Info: ../fig/logo_IGE.png  used on input line 371.
(pdftex.def)             Requested size: 32.21898pt x 35.5312pt.
 [42

 <../fig/Figure_CONE_GL_positions.png>]
<../fig/Profiles_Thule_combined_domains_2_con_fondo.png, id=476, 936.49875pt x 
677.53125pt>
File: ../fig/Profiles_Thule_combined_domains_2_con_fondo.png Graphic file (type
 png)
<use ../fig/Profiles_Thule_combined_domains_2_con_fondo.png>
Package pdftex.def Info: ../fig/Profiles_Thule_combined_domains_2_con_fondo.png
  used on input line 384.
(pdftex.def)             Requested size: 187.29643pt x 135.50385pt.
File: ../fig/logo_IGE.png Graphic file (type png)
<use ../fig/logo_IGE.png>
Package pdftex.def Info: ../fig/logo_IGE.png  used on input line 384.
(pdftex.def)             Requested size: 32.21898pt x 35.5312pt.
 [43

 <../fig/Profiles_Thule_combined_domains_2_con_fondo.png>]
<../fig/Capronas_Thule_Domain_con_fondo.png, id=484, 919.435pt x 378.41376pt>
File: ../fig/Capronas_Thule_Domain_con_fondo.png Graphic file (type png)
<use ../fig/Capronas_Thule_Domain_con_fondo.png>
Package pdftex.def Info: ../fig/Capronas_Thule_Domain_con_fondo.png  used on in
put line 403.
(pdftex.def)             Requested size: 171.21765pt x 70.46738pt.
<../fig/Halbranes_thule_domain_con_fondo.png, id=485, 919.435pt x 377.41pt>
File: ../fig/Halbranes_thule_domain_con_fondo.png Graphic file (type png)
<use ../fig/Halbranes_thule_domain_con_fondo.png>
Package pdftex.def Info: ../fig/Halbranes_thule_domain_con_fondo.png  used on i
nput line 403.
(pdftex.def)             Requested size: 171.21765pt x 70.28046pt.
File: ../fig/logo_IGE.png Graphic file (type png)
<use ../fig/logo_IGE.png>
Package pdftex.def Info: ../fig/logo_IGE.png  used on input line 403.
(pdftex.def)             Requested size: 32.21898pt x 35.5312pt.
 [44

 <../fig/Capronas_Thule_Domain_con_fondo.png (PNG copy)> <../fig/Halbranes_thul
e_domain_con_fondo.png (PNG copy)>]
<../fig/Volume_THULE_full_all_res_vs_num_nodes.png, id=496, 906.9885pt x 601.28
64pt>
File: ../fig/Volume_THULE_full_all_res_vs_num_nodes.png Graphic file (type png)

<use ../fig/Volume_THULE_full_all_res_vs_num_nodes.png>
Package pdftex.def Info: ../fig/Volume_THULE_full_all_res_vs_num_nodes.png  use
d on input line 422.
(pdftex.def)             Requested size: 188.34045pt x 124.85176pt.

Overfull \hbox (17.1228pt too wide) in paragraph at lines 422--422
 [][] 
 []

<../fig/Volume_THULE_full_all_res_vs_time.png, id=497, 1113.6807pt x 688.0104pt
>
File: ../fig/Volume_THULE_full_all_res_vs_time.png Graphic file (type png)
<use ../fig/Volume_THULE_full_all_res_vs_time.png>
Package pdftex.def Info: ../fig/Volume_THULE_full_all_res_vs_time.png  used on 
input line 422.
(pdftex.def)             Requested size: 188.34045pt x 116.35132pt.

Overfull \hbox (17.1228pt too wide) in paragraph at lines 422--422
 [][] 
 []

File: ../fig/logo_IGE.png Graphic file (type png)
<use ../fig/logo_IGE.png>
Package pdftex.def Info: ../fig/logo_IGE.png  used on input line 422.
(pdftex.def)             Requested size: 32.21898pt x 35.5312pt.
[45

 <../fig/Volume_THULE_full_all_res_vs_num_nodes.png> <../fig/Volume_THULE_full_
all_res_vs_time.png>]
<../fig/Figure_THULE_GLpositions_Capronas.png, id=510, 1336.995pt x 706.0779pt>

File: ../fig/Figure_THULE_GLpositions_Capronas.png Graphic file (type png)
<use ../fig/Figure_THULE_GLpositions_Capronas.png>
Package pdftex.def Info: ../fig/Figure_THULE_GLpositions_Capronas.png  used on 
input line 441.
(pdftex.def)             Requested size: 188.34045pt x 99.46434pt.

Overfull \hbox (17.1228pt too wide) in paragraph at lines 441--441
 [][] 
 []

<../fig/Figure_THULE_GLpositions_Halbranes.png, id=511, 1336.995pt x 706.0779pt
>
File: ../fig/Figure_THULE_GLpositions_Halbranes.png Graphic file (type png)
<use ../fig/Figure_THULE_GLpositions_Halbranes.png>
Package pdftex.def Info: ../fig/Figure_THULE_GLpositions_Halbranes.png  used on
 input line 441.
(pdftex.def)             Requested size: 188.34045pt x 99.46434pt.

Overfull \hbox (17.1228pt too wide) in paragraph at lines 441--441
 [][] 
 []

File: ../fig/logo_IGE.png Graphic file (type png)
<use ../fig/logo_IGE.png>
Package pdftex.def Info: ../fig/logo_IGE.png  used on input line 441.
(pdftex.def)             Requested size: 32.21898pt x 35.5312pt.
[46

 <../fig/Figure_THULE_GLpositions_Capronas.png> <../fig/Figure_THULE_GLposition
s_Halbranes.png>]
File: ../fig/logo_IGE.png Graphic file (type png)
<use ../fig/logo_IGE.png>
Package pdftex.def Info: ../fig/logo_IGE.png  used on input line 450.
(pdftex.def)             Requested size: 32.21898pt x 35.5312pt.
 [47

]
File: ../fig/logo_IGE.png Graphic file (type png)
<use ../fig/logo_IGE.png>
Package pdftex.def Info: ../fig/logo_IGE.png  used on input line 450.
(pdftex.def)             Requested size: 32.21898pt x 35.5312pt.
 [48

]
File: ../fig/logo_IGE.png Graphic file (type png)
<use ../fig/logo_IGE.png>
Package pdftex.def Info: ../fig/logo_IGE.png  used on input line 450.
(pdftex.def)             Requested size: 32.21898pt x 35.5312pt.
 [49

] (FInalPresentation.bbl

Package hyperref Warning: Token not allowed in a PDF string (Unicode):
(hyperref)                removing `\translate ' on input line 1.

)
File: ../fig/logo_IGE.png Graphic file (type png)
<use ../fig/logo_IGE.png>
Package pdftex.def Info: ../fig/logo_IGE.png  used on input line 456.
(pdftex.def)             Requested size: 32.21898pt x 35.5312pt.
 [50

]
File: ../fig/logo_IGE.png Graphic file (type png)
<use ../fig/logo_IGE.png>
Package pdftex.def Info: ../fig/logo_IGE.png  used on input line 456.
(pdftex.def)             Requested size: 32.21898pt x 35.5312pt.
 [51


]
File: ../fig/logo_IGE.png Graphic file (type png)
<use ../fig/logo_IGE.png>
Package pdftex.def Info: ../fig/logo_IGE.png  used on input line 456.
(pdftex.def)             Requested size: 32.21898pt x 35.5312pt.
 [52


]
\tf@nav=\write6
\openout6 = `FInalPresentation.nav'.

\tf@toc=\write7
\openout7 = `FInalPresentation.toc'.

\tf@snm=\write8
\openout8 = `FInalPresentation.snm'.

 (FInalPresentation.aux)
Package rerunfilecheck Info: File `FInalPresentation.out' has not changed.
(rerunfilecheck)             Checksum: 934ED33C52CDC4D67EF025BEF379D50C;4368.
 ) 
Here is how much of TeX's memory you used:
 24745 strings out of 476406
 489864 string characters out of 2790039
 1862787 words of memory out of 3000000
 44372 multiletter control sequences out of 15000+600000
 565250 words of font info for 69 fonts, out of 8000000 for 9000
 1141 hyphenation exceptions out of 8191
 128i,15n,122p,450b,666s stack positions out of 10000i,1000n,20000p,200000b,80000s
{C:/Users/User/AppData/Local/Programs/MiKTeX/fonts/enc/dvips/lm/lm-ec.enc}{C:
/Users/User/AppData/Local/Programs/MiKTeX/fonts/enc/dvips/lm/lm-mathex.enc}{C:/
Users/User/AppData/Local/Programs/MiKTeX/fonts/enc/dvips/lm/lm-mathsy.enc}{C:/U
sers/User/AppData/Local/Programs/MiKTeX/fonts/enc/dvips/lm/lm-mathit.enc}{C:/Us
ers/User/AppData/Local/Programs/MiKTeX/fonts/enc/dvips/lm/lm-rm.enc}<C:/Users/U
ser/AppData/Local/Programs/MiKTeX/fonts/type1/public/lm/lmcsc10.pfb><C:/Users/U
ser/AppData/Local/Programs/MiKTeX/fonts/type1/public/lm/lmex10.pfb><C:/Users/Us
er/AppData/Local/Programs/MiKTeX/fonts/type1/public/lm/lmmi10.pfb><C:/Users/Use
r/AppData/Local/Programs/MiKTeX/fonts/type1/public/lm/lmss10.pfb><C:/Users/User
/AppData/Local/Programs/MiKTeX/fonts/type1/public/lm/lmss12.pfb><C:/Users/User/
AppData/Local/Programs/MiKTeX/fonts/type1/public/lm/lmss8.pfb><C:/Users/User/Ap
pData/Local/Programs/MiKTeX/fonts/type1/public/lm/lmss9.pfb><C:/Users/User/AppD
ata/Local/Programs/MiKTeX/fonts/type1/public/lm/lmsso10.pfb><C:/Users/User/AppD
ata/Local/Programs/MiKTeX/fonts/type1/public/lm/lmsso8.pfb><C:/Users/User/AppDa
ta/Local/Programs/MiKTeX/fonts/type1/public/lm/lmsy10.pfb><C:/Users/User/AppDat
a/Local/Programs/MiKTeX/fonts/type1/public/lm/lmsy8.pfb>
Output written on FInalPresentation.pdf (52 pages, 4190277 bytes).
PDF statistics:
 650 PDF objects out of 1000 (max. 8388607)
 183 named destinations out of 1000 (max. 500000)
 421 words of extra memory for PDF output out of 10000 (max. 10000000)

