This is pdfTeX, Version 3.14159265-2.6-1.40.21 (TeX Live 2020/Debian) (preloaded format=pdflatex 2022.7.13)  19 APR 2023 10:43
entering extended mode
 restricted \write18 enabled.
 %&-line parsing enabled.
**report.tex
(./report.tex
LaTeX2e <2020-10-01> patch level 4
L3 programming layer <2021-01-09> xparse <2020-03-03>
(/usr/share/texlive/texmf-dist/tex/latex/base/article.cls
Document Class: article 2020/04/10 v1.4m Standard LaTeX document class
(/usr/share/texlive/texmf-dist/tex/latex/base/size10.clo
File: size10.clo 2020/04/10 v1.4m Standard LaTeX file (size option)
)
\c@part=\count177
\c@section=\count178
\c@subsection=\count179
\c@subsubsection=\count180
\c@paragraph=\count181
\c@subparagraph=\count182
\c@figure=\count183
\c@table=\count184
\abovecaptionskip=\skip47
\belowcaptionskip=\skip48
\bibindent=\dimen138
)
(/usr/share/texlive/texmf-dist/tex/latex/graphics/graphicx.sty
Package: graphicx 2020/09/09 v1.2b Enhanced LaTeX Graphics (DPC,SPQR)

(/usr/share/texlive/texmf-dist/tex/latex/graphics/keyval.sty
Package: keyval 2014/10/28 v1.15 key=value parser (DPC)
\KV@toks@=\toks15
)
(/usr/share/texlive/texmf-dist/tex/latex/graphics/graphics.sty
Package: graphics 2020/08/30 v1.4c Standard LaTeX Graphics (DPC,SPQR)

(/usr/share/texlive/texmf-dist/tex/latex/graphics/trig.sty
Package: trig 2016/01/03 v1.10 sin cos tan (DPC)
)
(/usr/share/texlive/texmf-dist/tex/latex/graphics-cfg/graphics.cfg
File: graphics.cfg 2016/06/04 v1.11 sample graphics configuration
)
Package graphics Info: Driver file: pdftex.def on input line 105.

(/usr/share/texlive/texmf-dist/tex/latex/graphics-def/pdftex.def
File: pdftex.def 2020/10/05 v1.2a Graphics/color driver for pdftex
))
\Gin@req@height=\dimen139
\Gin@req@width=\dimen140
)
(/usr/share/texlive/texmf-dist/tex/latex/hyperref/hyperref.sty
Package: hyperref 2020-05-15 v7.00e Hypertext links for LaTeX

(/usr/share/texlive/texmf-dist/tex/generic/ltxcmds/ltxcmds.sty
Package: ltxcmds 2020-05-10 v1.25 LaTeX kernel commands for general use (HO)
)
(/usr/share/texlive/texmf-dist/tex/generic/iftex/iftex.sty
Package: iftex 2020/03/06 v1.0d TeX engine tests
)
(/usr/share/texlive/texmf-dist/tex/generic/pdftexcmds/pdftexcmds.sty
Package: pdftexcmds 2020-06-27 v0.33 Utility functions of pdfTeX for LuaTeX (HO
)

(/usr/share/texlive/texmf-dist/tex/generic/infwarerr/infwarerr.sty
Package: infwarerr 2019/12/03 v1.5 Providing info/warning/error messages (HO)
)
Package pdftexcmds Info: \pdf@primitive is available.
Package pdftexcmds Info: \pdf@ifprimitive is available.
Package pdftexcmds Info: \pdfdraftmode found.
)
(/usr/share/texlive/texmf-dist/tex/generic/kvsetkeys/kvsetkeys.sty
Package: kvsetkeys 2019/12/15 v1.18 Key value parser (HO)
)
(/usr/share/texlive/texmf-dist/tex/generic/kvdefinekeys/kvdefinekeys.sty
Package: kvdefinekeys 2019-12-19 v1.6 Define keys (HO)
)
(/usr/share/texlive/texmf-dist/tex/generic/pdfescape/pdfescape.sty
Package: pdfescape 2019/12/09 v1.15 Implements pdfTeX's escape features (HO)
)
(/usr/share/texlive/texmf-dist/tex/latex/hycolor/hycolor.sty
Package: hycolor 2020-01-27 v1.10 Color options for hyperref/bookmark (HO)
)
(/usr/share/texlive/texmf-dist/tex/latex/letltxmacro/letltxmacro.sty
Package: letltxmacro 2019/12/03 v1.6 Let assignment for LaTeX macros (HO)
)
(/usr/share/texlive/texmf-dist/tex/latex/auxhook/auxhook.sty
Package: auxhook 2019-12-17 v1.6 Hooks for auxiliary files (HO)
)
(/usr/share/texlive/texmf-dist/tex/latex/kvoptions/kvoptions.sty
Package: kvoptions 2020-10-07 v3.14 Key value format for package options (HO)
)
\@linkdim=\dimen141
\Hy@linkcounter=\count185
\Hy@pagecounter=\count186

(/usr/share/texlive/texmf-dist/tex/latex/hyperref/pd1enc.def
File: pd1enc.def 2020-05-15 v7.00e Hyperref: PDFDocEncoding definition (HO)
Now handling font encoding PD1 ...
... no UTF-8 mapping file for font encoding PD1
)
(/usr/share/texlive/texmf-dist/tex/generic/intcalc/intcalc.sty
Package: intcalc 2019/12/15 v1.3 Expandable calculations with integers (HO)
)
(/usr/share/texlive/texmf-dist/tex/generic/etexcmds/etexcmds.sty
Package: etexcmds 2019/12/15 v1.7 Avoid name clashes with e-TeX commands (HO)
)
\Hy@SavedSpaceFactor=\count187
Package hyperref Info: Hyper figures OFF on input line 4464.
Package hyperref Info: Link nesting OFF on input line 4469.
Package hyperref Info: Hyper index ON on input line 4472.
Package hyperref Info: Plain pages OFF on input line 4479.
Package hyperref Info: Backreferencing OFF on input line 4484.
Package hyperref Info: Implicit mode ON; LaTeX internals redefined.
Package hyperref Info: Bookmarks ON on input line 4717.
\c@Hy@tempcnt=\count188

(/usr/share/texlive/texmf-dist/tex/latex/url/url.sty
\Urlmuskip=\muskip16
Package: url 2013/09/16  ver 3.4  Verb mode for urls, etc.
)
LaTeX Info: Redefining \url on input line 5076.
\XeTeXLinkMargin=\dimen142

(/usr/share/texlive/texmf-dist/tex/generic/bitset/bitset.sty
Package: bitset 2019/12/09 v1.3 Handle bit-vector datatype (HO)

(/usr/share/texlive/texmf-dist/tex/generic/bigintcalc/bigintcalc.sty
Package: bigintcalc 2019/12/15 v1.5 Expandable calculations on big integers (HO
)
))
\Fld@menulength=\count189
\Field@Width=\dimen143
\Fld@charsize=\dimen144
Package hyperref Info: Hyper figures OFF on input line 6347.
Package hyperref Info: Link nesting OFF on input line 6352.
Package hyperref Info: Hyper index ON on input line 6355.
Package hyperref Info: backreferencing OFF on input line 6362.
Package hyperref Info: Link coloring OFF on input line 6367.
Package hyperref Info: Link coloring with OCG OFF on input line 6372.
Package hyperref Info: PDF/A mode OFF on input line 6377.
LaTeX Info: Redefining \ref on input line 6417.
LaTeX Info: Redefining \pageref on input line 6421.

(/usr/share/texlive/texmf-dist/tex/latex/base/atbegshi-ltx.sty
Package: atbegshi-ltx 2020/08/17 v1.0a Emulation of the original atbegshi packa
ge
with kernel methods
)
\Hy@abspage=\count190
\c@Item=\count191
\c@Hfootnote=\count192
)
Package hyperref Info: Driver (autodetected): hpdftex.

(/usr/share/texlive/texmf-dist/tex/latex/hyperref/hpdftex.def
File: hpdftex.def 2020-05-15 v7.00e Hyperref driver for pdfTeX

(/usr/share/texlive/texmf-dist/tex/latex/base/atveryend-ltx.sty
Package: atveryend-ltx 2020/08/19 v1.0a Emulation of the original atvery packag
e
with kernel methods
)
\Fld@listcount=\count193
\c@bookmark@seq@number=\count194

(/usr/share/texlive/texmf-dist/tex/latex/rerunfilecheck/rerunfilecheck.sty
Package: rerunfilecheck 2019/12/05 v1.9 Rerun checks for auxiliary files (HO)

(/usr/share/texlive/texmf-dist/tex/generic/uniquecounter/uniquecounter.sty
Package: uniquecounter 2019/12/15 v1.4 Provide unlimited unique counter (HO)
)
Package uniquecounter Info: New unique counter `rerunfilecheck' on input line 2
86.
)
\Hy@SectionHShift=\skip49
)
(/usr/share/texlive/texmf-dist/tex/latex/geometry/geometry.sty
Package: geometry 2020/01/02 v5.9 Page Geometry

(/usr/share/texlive/texmf-dist/tex/generic/iftex/ifvtex.sty
Package: ifvtex 2019/10/25 v1.7 ifvtex legacy package. Use iftex instead.
)
\Gm@cnth=\count195
\Gm@cntv=\count196
\c@Gm@tempcnt=\count197
\Gm@bindingoffset=\dimen145
\Gm@wd@mp=\dimen146
\Gm@odd@mp=\dimen147
\Gm@even@mp=\dimen148
\Gm@layoutwidth=\dimen149
\Gm@layoutheight=\dimen150
\Gm@layouthoffset=\dimen151
\Gm@layoutvoffset=\dimen152
\Gm@dimlist=\toks16
)
(/usr/share/texlive/texmf-dist/tex/latex/caption/subcaption.sty
Package: subcaption 2020/10/07 v1.3j Sub-captions (AR)

(/usr/share/texlive/texmf-dist/tex/latex/caption/caption.sty
Package: caption 2020/10/26 v3.5g Customizing captions (AR)

(/usr/share/texlive/texmf-dist/tex/latex/caption/caption3.sty
Package: caption3 2020/10/21 v2.2e caption3 kernel (AR)
\captionmargin=\dimen153
\captionmargin@=\dimen154
\captionwidth=\dimen155
\caption@tempdima=\dimen156
\caption@indent=\dimen157
\caption@parindent=\dimen158
\caption@hangindent=\dimen159
Package caption Info: Standard document class detected.
)
\c@caption@flags=\count198
\c@continuedfloat=\count199
Package caption Info: hyperref package is loaded.
)
\c@subfigure=\count266
\c@subtable=\count267
)
(/usr/share/texlive/texmf-dist/tex/latex/ragged2e/ragged2e.sty
Package: ragged2e 2019/07/28 v2.2 ragged2e Package (MS)

(/usr/share/texlive/texmf-dist/tex/latex/everysel/everysel.sty
Package: everysel 2021/01/20 v2.1 EverySelectfont Package (MS)

(/usr/share/texlive/texmf-dist/tex/latex/everysel/everysel-2011-10-28.sty))
\CenteringLeftskip=\skip50
\RaggedLeftLeftskip=\skip51
\RaggedRightLeftskip=\skip52
\CenteringRightskip=\skip53
\RaggedLeftRightskip=\skip54
\RaggedRightRightskip=\skip55
\CenteringParfillskip=\skip56
\RaggedLeftParfillskip=\skip57
\RaggedRightParfillskip=\skip58
\JustifyingParfillskip=\skip59
\CenteringParindent=\skip60
\RaggedLeftParindent=\skip61
\RaggedRightParindent=\skip62
\JustifyingParindent=\skip63
)
(/usr/share/texlive/texmf-dist/tex/latex/l3backend/l3backend-pdftex.def
File: l3backend-pdftex.def 2020-01-29 L3 backend support: PDF output (pdfTeX)
\l__color_backend_stack_int=\count268
\l__pdf_internal_box=\box47
)
(./report.aux)
\openout1 = `report.aux'.

LaTeX Font Info:    Checking defaults for OML/cmm/m/it on input line 7.
LaTeX Font Info:    ... okay on input line 7.
LaTeX Font Info:    Checking defaults for OMS/cmsy/m/n on input line 7.
LaTeX Font Info:    ... okay on input line 7.
LaTeX Font Info:    Checking defaults for OT1/cmr/m/n on input line 7.
LaTeX Font Info:    ... okay on input line 7.
LaTeX Font Info:    Checking defaults for T1/cmr/m/n on input line 7.
LaTeX Font Info:    ... okay on input line 7.
LaTeX Font Info:    Checking defaults for TS1/cmr/m/n on input line 7.
LaTeX Font Info:    ... okay on input line 7.
LaTeX Font Info:    Checking defaults for OMX/cmex/m/n on input line 7.
LaTeX Font Info:    ... okay on input line 7.
LaTeX Font Info:    Checking defaults for U/cmr/m/n on input line 7.
LaTeX Font Info:    ... okay on input line 7.
LaTeX Font Info:    Checking defaults for PD1/pdf/m/n on input line 7.
LaTeX Font Info:    ... okay on input line 7.

(/usr/share/texlive/texmf-dist/tex/context/base/mkii/supp-pdf.mkii
[Loading MPS to PDF converter (version 2006.09.02).]
\scratchcounter=\count269
\scratchdimen=\dimen160
\scratchbox=\box48
\nofMPsegments=\count270
\nofMParguments=\count271
\everyMPshowfont=\toks17
\MPscratchCnt=\count272
\MPscratchDim=\dimen161
\MPnumerator=\count273
\makeMPintoPDFobject=\count274
\everyMPtoPDFconversion=\toks18
) (/usr/share/texlive/texmf-dist/tex/latex/epstopdf-pkg/epstopdf-base.sty
Package: epstopdf-base 2020-01-24 v2.11 Base part for package epstopdf
Package epstopdf-base Info: Redefining graphics rule for `.eps' on input line 4
85.

(/usr/share/texlive/texmf-dist/tex/latex/latexconfig/epstopdf-sys.cfg
File: epstopdf-sys.cfg 2010/07/13 v1.3 Configuration of (r)epstopdf for TeX Liv
e
))
Package hyperref Info: Link coloring OFF on input line 7.

(/usr/share/texlive/texmf-dist/tex/latex/hyperref/nameref.sty
Package: nameref 2019/09/16 v2.46 Cross-referencing by name of section

(/usr/share/texlive/texmf-dist/tex/latex/refcount/refcount.sty
Package: refcount 2019/12/15 v3.6 Data extraction from label references (HO)
)
(/usr/share/texlive/texmf-dist/tex/generic/gettitlestring/gettitlestring.sty
Package: gettitlestring 2019/12/15 v1.6 Cleanup title references (HO)
)
\c@section@level=\count275
)
LaTeX Info: Redefining \ref on input line 7.
LaTeX Info: Redefining \pageref on input line 7.
LaTeX Info: Redefining \nameref on input line 7.

(./report.out) (./report.out)
\@outlinefile=\write3
\openout3 = `report.out'.


*geometry* driver: auto-detecting
*geometry* detected driver: pdftex
*geometry* verbose mode - [ preamble ] result:
* driver: pdftex
* paper: a4paper
* layout: <same size as paper>
* layoutoffset:(h,v)=(0.0pt,0.0pt)
* modes: 
* h-part:(L,W,R)=(85.35826pt, 426.79135pt, 85.35826pt)
* v-part:(T,H,B)=(86.72377pt, 671.5993pt, 86.72377pt)
* \paperwidth=597.50787pt
* \paperheight=845.04684pt
* \textwidth=426.79135pt
* \textheight=671.5993pt
* \oddsidemargin=13.08827pt
* \evensidemargin=13.08827pt
* \topmargin=-22.54622pt
* \headheight=12.0pt
* \headsep=25.0pt
* \topskip=10.0pt
* \footskip=30.0pt
* \marginparwidth=65.0pt
* \marginparsep=11.0pt
* \columnsep=10.0pt
* \skip\footins=9.0pt plus 4.0pt minus 2.0pt
* \hoffset=0.0pt
* \voffset=0.0pt
* \mag=1000
* \@twocolumnfalse
* \@twosidefalse
* \@mparswitchfalse
* \@reversemarginfalse
* (1in=72.27pt=25.4mm, 1cm=28.453pt)

Package caption Info: Begin \AtBeginDocument code.
Package caption Info: End \AtBeginDocument code.
ABD: EverySelectfont initializing macros
LaTeX Info: Redefining \selectfont on input line 7.
 (./coverpage.tex
<../fig/logo_UGA.png, id=88, 171.64125pt x 111.41624pt>
File: ../fig/logo_UGA.png Graphic file (type png)
<use ../fig/logo_UGA.png>
Package pdftex.def Info: ../fig/logo_UGA.png  used on input line 4.
(pdftex.def)             Requested size: 85.35696pt x 55.40706pt.
<../fig/logo_IGE.png, id=90, 214.8025pt x 236.885pt>
File: ../fig/logo_IGE.png Graphic file (type png)
<use ../fig/logo_IGE.png>
Package pdftex.def Info: ../fig/logo_IGE.png  used on input line 6.
(pdftex.def)             Requested size: 85.35696pt x 94.1306pt.
 [1

{/var/lib/texmf/fonts/map/pdftex/updmap/pdftex.map} <../fig/logo_UGA.png> <../f
ig/logo_IGE.png>])
(./abstract.tex) (./report.toc
LaTeX Font Info:    External font `cmex10' loaded for size
(Font)              <7> on input line 3.
LaTeX Font Info:    External font `cmex10' loaded for size
(Font)              <5> on input line 3.
)
\tf@toc=\write4
\openout4 = `report.toc'.

 [2

]
<../fig/Scheme_grounding_line.png, id=132, 395.67825pt x 192.72pt>
File: ../fig/Scheme_grounding_line.png Graphic file (type png)
<use ../fig/Scheme_grounding_line.png>
Package pdftex.def Info: ../fig/Scheme_grounding_line.png  used on input line 2
3.
(pdftex.def)             Requested size: 298.75264pt x 145.51888pt.
<../fig/groundingzone.png, id=136, 522.0303pt x 302.3295pt>
File: ../fig/groundingzone.png Graphic file (type png)
<use ../fig/groundingzone.png>
Package pdftex.def Info: ../fig/groundingzone.png  used on input line 32.
(pdftex.def)             Requested size: 298.75264pt x 173.02618pt.
 [3 <../fig/Scheme_grounding_line.png> <../fig/groundingzone.png (PNG copy)>] [
4]
<../fig/velocityglaciar.png, id=192, 256.5585pt x 173.448pt>
File: ../fig/velocityglaciar.png Graphic file (type png)
<use ../fig/velocityglaciar.png>
Package pdftex.def Info: ../fig/velocityglaciar.png  used on input line 78.
(pdftex.def)             Requested size: 298.75264pt x 201.99379pt.

Overfull \hbox (16.97684pt too wide) in paragraph at lines 86--88
\OT1/cmr/m/n/10 [[]]. The most ac-cu-rate ice model is the Full Stokes (FS) equ
a-tions [[]].
 []

[5 <../fig/velocityglaciar.png>]
Overfull \hbox (9.67253pt too wide) in paragraph at lines 93--94
\OT1/cmr/m/n/10 pre-dic-tions and to ob-tain con-fi-dent sim-u-la-tions of the 
ground-ing line dy-nam-ics. [[]]
 []


Overfull \hbox (51.29298pt too wide) in paragraph at lines 93--94
[]\OT1/cmr/m/n/10 , [], [], [], [],
 []

[6]
<../fig/circular_topo_top.png, id=240, 858.5676pt x 655.4889pt>
File: ../fig/circular_topo_top.png Graphic file (type png)
<use ../fig/circular_topo_top.png>
Package pdftex.def Info: ../fig/circular_topo_top.png  used on input line 124.
(pdftex.def)             Requested size: 192.0548pt x 146.61847pt.
<../fig/circular_topo_jet.png, id=241, 734.2632pt x 502.9992pt>
File: ../fig/circular_topo_jet.png Graphic file (type png)
<use ../fig/circular_topo_jet.png>
Package pdftex.def Info: ../fig/circular_topo_jet.png  used on input line 125.
(pdftex.def)             Requested size: 192.0548pt x 131.55957pt.
<../fig/Thule_2D.png, id=244, 818.8191pt x 641.0349pt>
File: ../fig/Thule_2D.png Graphic file (type png)
<use ../fig/Thule_2D.png>
Package pdftex.def Info: ../fig/Thule_2D.png  used on input line 147.
(pdftex.def)             Requested size: 192.0548pt x 150.34978pt.
<../fig/Thule_3D.png, id=245, 753.0534pt x 533.3526pt>
File: ../fig/Thule_3D.png Graphic file (type png)
<use ../fig/Thule_3D.png>
Package pdftex.def Info: ../fig/Thule_3D.png  used on input line 148.
(pdftex.def)             Requested size: 192.0548pt x 136.02345pt.
<../fig/Thule_3D1.png, id=246, 714.0276pt x 572.3784pt>
File: ../fig/Thule_3D1.png Graphic file (type png)
<use ../fig/Thule_3D1.png>
Package pdftex.def Info: ../fig/Thule_3D1.png  used on input line 154.
(pdftex.def)             Requested size: 192.0548pt x 153.95033pt.


LaTeX Warning: `!h' float specifier changed to `!ht'.


LaTeX Warning: `!h' float specifier changed to `!ht'.

[7 <../fig/circular_topo_top.png> <../fig/circular_topo_jet.png>]

LaTeX Warning: `!h' float specifier changed to `!ht'.


LaTeX Warning: `!h' float specifier changed to `!ht'.

[8 <../fig/Thule_2D.png> <../fig/Thule_3D.png> <../fig/Thule_3D1.png>] [9]
<../fig/non_structured_grid_10km.png, id=289, 678.535pt x 679.53876pt>
File: ../fig/non_structured_grid_10km.png Graphic file (type png)
<use ../fig/non_structured_grid_10km.png>
Package pdftex.def Info: ../fig/non_structured_grid_10km.png  used on input lin
e 263.
(pdftex.def)             Requested size: 192.0548pt x 192.33296pt.
<../fig/regular_grid_10km.png, id=290, 678.535pt x 679.53876pt>
File: ../fig/regular_grid_10km.png Graphic file (type png)
<use ../fig/regular_grid_10km.png>
Package pdftex.def Info: ../fig/regular_grid_10km.png  used on input line 264.
(pdftex.def)             Requested size: 192.0548pt x 192.33296pt.


LaTeX Warning: `!h' float specifier changed to `!ht'.

<../fig/Profiles_Cone_combined_domains.png, id=294, 1540.75626pt x 791.95876pt>

File: ../fig/Profiles_Cone_combined_domains.png Graphic file (type png)
<use ../fig/Profiles_Cone_combined_domains.png>
Package pdftex.def Info: ../fig/Profiles_Cone_combined_domains.png  used on inp
ut line 277.
(pdftex.def)             Requested size: 384.1096pt x 197.43332pt.

LaTeX Warning: `!h' float specifier changed to `!ht'.

<../fig/h_10km_quarter.png, id=295, 1226.5825pt x 791.95876pt>
File: ../fig/h_10km_quarter.png Graphic file (type png)
<use ../fig/h_10km_quarter.png>
Package pdftex.def Info: ../fig/h_10km_quarter.png  used on input line 285.
(pdftex.def)             Requested size: 204.8627pt x 132.26268pt.
LaTeX Font Info:    External font `cmex10' loaded for size
(Font)              <9> on input line 286.
LaTeX Font Info:    External font `cmex10' loaded for size
(Font)              <6> on input line 286.
<../fig/hvelocity_10km_quarter.png, id=296, 1226.5825pt x 791.95876pt>
File: ../fig/hvelocity_10km_quarter.png Graphic file (type png)
<use ../fig/hvelocity_10km_quarter.png>
Package pdftex.def Info: ../fig/hvelocity_10km_quarter.png  used on input line 
292.
(pdftex.def)             Requested size: 204.8627pt x 132.26268pt.

Overfull \hbox (42.30804pt too wide) in paragraph at lines 283--296
[]$[]$ $[]$ 
 []


LaTeX Warning: `!h' float specifier changed to `!ht'.

<../fig/h_5km_quarter.png, id=297, 1346.02875pt x 791.95876pt>
File: ../fig/h_5km_quarter.png Graphic file (type png)
<use ../fig/h_5km_quarter.png>
Package pdftex.def Info: ../fig/h_5km_quarter.png  used on input line 303.
(pdftex.def)             Requested size: 204.8627pt x 120.52882pt.
<../fig/hvelocity_5km_quarter.png, id=298, 1346.02875pt x 791.95876pt>
File: ../fig/hvelocity_5km_quarter.png Graphic file (type png)
<use ../fig/hvelocity_5km_quarter.png>
Package pdftex.def Info: ../fig/hvelocity_5km_quarter.png  used on input line 3
10.
(pdftex.def)             Requested size: 204.8627pt x 120.52882pt.

Overfull \hbox (42.30804pt too wide) in paragraph at lines 301--314
[]$[]$ $[]$ 
 []


LaTeX Warning: `!h' float specifier changed to `!ht'.

<../fig/h_2km_quarter.png, id=299, 1366.10374pt x 791.95876pt>
File: ../fig/h_2km_quarter.png Graphic file (type png)
<use ../fig/h_2km_quarter.png>
Package pdftex.def Info: ../fig/h_2km_quarter.png  used on input line 321.
(pdftex.def)             Requested size: 204.8627pt x 118.75243pt.
<../fig/hvelocity_2km_quarter.png, id=300, 1366.10374pt x 791.95876pt>
File: ../fig/hvelocity_2km_quarter.png Graphic file (type png)
<use ../fig/hvelocity_2km_quarter.png>
Package pdftex.def Info: ../fig/hvelocity_2km_quarter.png  used on input line 3
28.
(pdftex.def)             Requested size: 204.8627pt x 118.75243pt.

Overfull \hbox (42.30804pt too wide) in paragraph at lines 319--332
[]$[]$ $[]$ 
 []


LaTeX Warning: `!h' float specifier changed to `!ht'.

<../fig/zb_zs_10km_cone.png, id=302, 1527.7075pt x 791.95876pt>
File: ../fig/zb_zs_10km_cone.png Graphic file (type png)
<use ../fig/zb_zs_10km_cone.png>
Package pdftex.def Info: ../fig/zb_zs_10km_cone.png  used on input line 339.
(pdftex.def)             Requested size: 341.43437pt x 176.99876pt.
[10]

LaTeX Warning: `!h' float specifier changed to `!ht'.

<../fig/zb_10km_2km_1km.png, id=315, 1534.73375pt x 791.95876pt>
File: ../fig/zb_10km_2km_1km.png Graphic file (type png)
<use ../fig/zb_10km_2km_1km.png>
Package pdftex.def Info: ../fig/zb_10km_2km_1km.png  used on input line 348.
(pdftex.def)             Requested size: 341.43437pt x 176.18912pt.

LaTeX Warning: `!h' float specifier changed to `!ht'.


LaTeX Warning: Reference `Thule_domain' on page 11 undefined on input line 354.


[11 <../fig/non_structured_grid_10km.png> <../fig/regular_grid_10km.png> <../fi
g/Profiles_Cone_combined_domains.png>]
<../fig/Profiles_Thule_combined_domains_2_con_fondo.png, id=327, 936.49875pt x 
677.53125pt>
File: ../fig/Profiles_Thule_combined_domains_2_con_fondo.png Graphic file (type
 png)
<use ../fig/Profiles_Thule_combined_domains_2_con_fondo.png>
Package pdftex.def Info: ../fig/Profiles_Thule_combined_domains_2_con_fondo.png
  used on input line 358.
(pdftex.def)             Requested size: 170.71393pt x 123.5011pt.
<../fig/Capronas_Thule_Domain_con_fondo.png, id=328, 919.435pt x 378.41376pt>
File: ../fig/Capronas_Thule_Domain_con_fondo.png Graphic file (type png)
<use ../fig/Capronas_Thule_Domain_con_fondo.png>
Package pdftex.def Info: ../fig/Capronas_Thule_Domain_con_fondo.png  used on in
put line 359.
(pdftex.def)             Requested size: 170.71393pt x 70.2595pt.
<../fig/Halbranes_thule_domain_con_fondo.png, id=329, 919.435pt x 377.41pt>
File: ../fig/Halbranes_thule_domain_con_fondo.png Graphic file (type png)
<use ../fig/Halbranes_thule_domain_con_fondo.png>
Package pdftex.def Info: ../fig/Halbranes_thule_domain_con_fondo.png  used on i
nput line 360.
(pdftex.def)             Requested size: 170.71393pt x 70.07314pt.


LaTeX Warning: `!h' float specifier changed to `!ht'.

File: ../fig/Profiles_Thule_combined_domains_2_con_fondo.png Graphic file (type
 png)
<use ../fig/Profiles_Thule_combined_domains_2_con_fondo.png>
Package pdftex.def Info: ../fig/Profiles_Thule_combined_domains_2_con_fondo.png
  used on input line 368.
(pdftex.def)             Requested size: 221.93332pt x 160.56384pt.
File: ../fig/Capronas_Thule_Domain_con_fondo.png Graphic file (type png)
<use ../fig/Capronas_Thule_Domain_con_fondo.png>
Package pdftex.def Info: ../fig/Capronas_Thule_Domain_con_fondo.png  used on in
put line 378.
(pdftex.def)             Requested size: 204.85802pt x 84.31372pt.
File: ../fig/Halbranes_thule_domain_con_fondo.png Graphic file (type png)
<use ../fig/Halbranes_thule_domain_con_fondo.png>
Package pdftex.def Info: ../fig/Halbranes_thule_domain_con_fondo.png  used on i
nput line 388.
(pdftex.def)             Requested size: 204.85802pt x 84.09007pt.
<../fig/zb_zs_10km_CapronaB_THULE.png, id=333, 1470.49374pt x 791.95876pt>
File: ../fig/zb_zs_10km_CapronaB_THULE.png Graphic file (type png)
<use ../fig/zb_zs_10km_CapronaB_THULE.png>
Package pdftex.def Info: ../fig/zb_zs_10km_CapronaB_THULE.png  used on input li
ne 408.
(pdftex.def)             Requested size: 204.8627pt x 110.32967pt.
<../fig/zb_zs_5km_Caprona_B_5km.png, id=334, 1444.39626pt x 791.95876pt>
File: ../fig/zb_zs_5km_Caprona_B_5km.png Graphic file (type png)
<use ../fig/zb_zs_5km_Caprona_B_5km.png>
Package pdftex.def Info: ../fig/zb_zs_5km_Caprona_B_5km.png  used on input line
 415.
(pdftex.def)             Requested size: 204.8627pt x 112.32358pt.

Overfull \hbox (42.30804pt too wide) in paragraph at lines 406--419
[]$[]$ $[]$ 
 []


LaTeX Warning: `!h' float specifier changed to `!ht'.

<../fig/zb_10km_5km_CapronaB_THULE.png, id=335, 1470.49374pt x 791.95876pt>
File: ../fig/zb_10km_5km_CapronaB_THULE.png Graphic file (type png)
<use ../fig/zb_10km_5km_CapronaB_THULE.png>
Package pdftex.def Info: ../fig/zb_10km_5km_CapronaB_THULE.png  used on input l
ine 425.
(pdftex.def)             Requested size: 384.1096pt x 206.87117pt.

LaTeX Warning: `!h' float specifier changed to `!ht'.

<../fig/zb_zs_10km_HalbraneB_Thule.png, id=337, 1476.51625pt x 791.95876pt>
File: ../fig/zb_zs_10km_HalbraneB_Thule.png Graphic file (type png)
<use ../fig/zb_zs_10km_HalbraneB_Thule.png>
Package pdftex.def Info: ../fig/zb_zs_10km_HalbraneB_Thule.png  used on input l
ine 435.
(pdftex.def)             Requested size: 204.8627pt x 109.88255pt.
<../fig/zb_zs_5km_Halbrane_B_Thule.png, id=338, 1476.51625pt x 791.95876pt>
File: ../fig/zb_zs_5km_Halbrane_B_Thule.png Graphic file (type png)
<use ../fig/zb_zs_5km_Halbrane_B_Thule.png>
Package pdftex.def Info: ../fig/zb_zs_5km_Halbrane_B_Thule.png  used on input l
ine 442.
(pdftex.def)             Requested size: 204.8627pt x 109.88255pt.

Overfull \hbox (42.30804pt too wide) in paragraph at lines 433--446
[]$[]$ $[]$ 
 []

[12 <../fig/h_10km_quarter.png> <../fig/hvelocity_10km_quarter.png> <../fig/h_5
km_quarter.png> <../fig/hvelocity_5km_quarter.png> <../fig/h_2km_quarter.png> <
../fig/hvelocity_2km_quarter.png>]

LaTeX Warning: Text page 13 contains only floats.


Overfull \vbox (0.16281pt too high) has occurred while \output is active []


[13 <../fig/zb_zs_10km_cone.png (PNG copy)> <../fig/zb_10km_2km_1km.png (PNG co
py)> <../fig/Profiles_Thule_combined_domains_2_con_fondo.png> <../fig/Capronas_
Thule_Domain_con_fondo.png (PNG copy)> <../fig/Halbranes_thule_domain_con_fondo
.png (PNG copy)>]

LaTeX Warning: `!h' float specifier changed to `!ht'.

<../fig/zb_10km_5km_HalbraneB_Thule.png, id=361, 1476.51625pt x 791.95876pt>
File: ../fig/zb_10km_5km_HalbraneB_Thule.png Graphic file (type png)
<use ../fig/zb_10km_5km_HalbraneB_Thule.png>
Package pdftex.def Info: ../fig/zb_10km_5km_HalbraneB_Thule.png  used on input 
line 454.
(pdftex.def)             Requested size: 384.1096pt x 206.02527pt.

LaTeX Warning: `!h' float specifier changed to `!ht'.

[14 <../fig/zb_zs_10km_CapronaB_THULE.png (PNG copy)> <../fig/zb_zs_5km_Caprona
_B_5km.png (PNG copy)>]

LaTeX Warning: Text page 15 contains only floats.

[15 <../fig/zb_10km_5km_CapronaB_THULE.png (PNG copy)> <../fig/zb_zs_10km_Halbr
aneB_Thule.png (PNG copy)> <../fig/zb_zs_5km_Halbrane_B_Thule.png (PNG copy)> <
../fig/zb_10km_5km_HalbraneB_Thule.png (PNG copy)>] [16] (./report.bbl [17])
[18] (./report.aux)

LaTeX Warning: There were undefined references.


LaTeX Warning: Label(s) may have changed. Rerun to get cross-references right.

Package rerunfilecheck Info: File `report.out' has not changed.
(rerunfilecheck)             Checksum: FD48BD2D8A3630AF1C6E0FB9F173B4C3;1392.
 ) 
Here is how much of TeX's memory you used:
 7399 strings out of 481176
 123541 string characters out of 5914226
 438105 words of memory out of 5000000
 24102 multiletter control sequences out of 15000+600000
 407452 words of font info for 40 fonts, out of 8000000 for 9000
 59 hyphenation exceptions out of 8191
 71i,13n,77p,1265b,579s stack positions out of 5000i,500n,10000p,200000b,80000s
 </home/espeletr/.texlive2020/texmf-var/fonts/pk/ljfour/jknappen/ec/tcrm1000.
600pk></usr/share/texlive/texmf-dist/fonts/type1/public/amsfonts/cm/cmbx10.pfb>
</usr/share/texlive/texmf-dist/fonts/type1/public/amsfonts/cm/cmbx12.pfb></usr/
share/texlive/texmf-dist/fonts/type1/public/amsfonts/cm/cmex10.pfb></usr/share/
texlive/texmf-dist/fonts/type1/public/amsfonts/cm/cmmi10.pfb></usr/share/texliv
e/texmf-dist/fonts/type1/public/amsfonts/cm/cmmi5.pfb></usr/share/texlive/texmf
-dist/fonts/type1/public/amsfonts/cm/cmmi7.pfb></usr/share/texlive/texmf-dist/f
onts/type1/public/amsfonts/cm/cmmi9.pfb></usr/share/texlive/texmf-dist/fonts/ty
pe1/public/amsfonts/cm/cmr10.pfb></usr/share/texlive/texmf-dist/fonts/type1/pub
lic/amsfonts/cm/cmr5.pfb></usr/share/texlive/texmf-dist/fonts/type1/public/amsf
onts/cm/cmr7.pfb></usr/share/texlive/texmf-dist/fonts/type1/public/amsfonts/cm/
cmr9.pfb></usr/share/texlive/texmf-dist/fonts/type1/public/amsfonts/cm/cmsy10.p
fb></usr/share/texlive/texmf-dist/fonts/type1/public/amsfonts/cm/cmsy5.pfb></us
r/share/texlive/texmf-dist/fonts/type1/public/amsfonts/cm/cmsy7.pfb></usr/share
/texlive/texmf-dist/fonts/type1/public/amsfonts/cm/cmti10.pfb>
Output written on report.pdf (18 pages, 2771419 bytes).
PDF statistics:
 467 PDF objects out of 1000 (max. 8388607)
 376 compressed objects within 4 object streams
 111 named destinations out of 1000 (max. 500000)
 319 words of extra memory for PDF output out of 10000 (max. 10000000)

